2017-02-13 09:32:38,045 - os.name - Windows 10
2017-02-13 09:32:38,062 - os.arch - amd64
2017-02-13 09:32:38,062 - os.version - 10.0
2017-02-13 09:32:38,062 - java.version - 1.8.0_121
2017-02-13 09:32:38,062 - java.vendor - Oracle Corporation
2017-02-13 09:32:38,062 - java.vendor.url - http://java.oracle.com/
2017-02-13 09:32:38,062 - java.home - C:\Program Files\Java\jre1.8.0_121
2017-02-13 09:32:38,062 - java.vm.specification.name - Java Virtual Machine Specification
2017-02-13 09:32:38,062 - java.vm.specification.vendor - Oracle Corporation
2017-02-13 09:32:38,062 - java.vm.specification.version - 1.8
2017-02-13 09:32:38,062 - java.class.path - E:\New folder\eclipse\\plugins/org.eclipse.equinox.launcher_1.3.201.v20161025-1711.jar
2017-02-13 09:32:38,063 - java.library.path - E:\New folder\eclipse;C:\Windows\Sun\Java\bin;C:\Windows\system32;C:\Windows;C:/Program Files/Java/jre1.8.0_121/bin/server;C:/Program Files/Java/jre1.8.0_121/bin;C:/Program Files/Java/jre1.8.0_121/lib/amd64;C:\ProgramData\Oracle\Java\javapath;C:\Windows\system32;C:\Windows;C:\Windows\System32\Wbem;C:\Windows\System32\WindowsPowerShell\v1.0\;C:\Program Files (x86)\Windows Kits\8.1\Windows Performance Toolkit\;C:\Program Files\Microsoft SQL Server\130\Tools\Binn\;C:\Program Files\Microsoft\Web Platform Installer\;C:\Program Files\dotnet\;C:\Program Files\Microsoft SQL Server\Client SDK\ODBC\110\Tools\Binn\;C:\Program Files (x86)\Microsoft SQL Server\120\Tools\Binn\;C:\Program Files\Microsoft SQL Server\120\Tools\Binn\;C:\Program Files\Microsoft SQL Server\120\DTS\Binn\;C:\Program Files (x86)\Microsoft SQL Server\120\Tools\Binn\ManagementStudio\;C:\Program Files (x86)\Microsoft SQL Server\120\DTS\Binn\;E:\Program Files (x86)\Brackets\command;C:\Users\thang\AppData\Local\Microsoft\WindowsApps;;E:\New folder\eclipse;;.
2017-02-13 09:32:38,063 - --------------------------------------
2017-02-13 09:32:38,063 - ## Eclipse Plug-ins Log Information ##
2017-02-13 09:32:38,063 - --------------------------------------
2017-02-13 09:32:38,096 - javax.el - 2.2.0.v201303151357
2017-02-13 09:32:38,098 - javax.servlet - 3.1.0.v201410161800
2017-02-13 09:32:38,102 - javax.servlet.jsp - 2.2.0.v201112011158
2017-02-13 09:32:38,103 - com.sun.el - 2.2.0.v201303151357
2017-02-13 09:32:38,103 - org.apache.commons.logging - 1.1.1.v201101211721
2017-02-13 09:32:38,104 - org.apache.jasper.glassfish - 2.2.2.v201501141630
2017-02-13 09:32:38,106 - org.apache.lucene.analysis - 3.5.0.v20120725-1805
2017-02-13 09:32:38,145 - org.apache.lucene.core - 3.5.0.v20120725-1805
2017-02-13 09:32:38,146 - org.eclipse.equinox.http.jetty - 3.3.0.v20160324-1850
2017-02-13 09:32:38,146 - org.eclipse.equinox.http.registry - 1.1.400.v20150715-1528
2017-02-13 09:32:38,147 - org.eclipse.equinox.http.servlet - 1.3.1.v20160808-1329
2017-02-13 09:32:38,148 - org.eclipse.equinox.jsp.jasper - 1.0.500.v20150119-1358
2017-02-13 09:32:38,149 - org.eclipse.equinox.jsp.jasper.registry - 1.0.300.v20130327-1442
2017-02-13 09:32:38,149 - org.eclipse.help.base - 4.1.1.v20161124-1400
2017-02-13 09:32:38,149 - org.eclipse.help.ui - 4.0.200.v20160510-0758
2017-02-13 09:32:38,149 - org.eclipse.help.webapp - 3.8.0.v20160504-0839
2017-02-13 09:32:38,152 - org.eclipse.jetty.continuation - 9.3.9.v20160517
2017-02-13 09:32:38,154 - org.eclipse.jetty.http - 9.3.9.v20160517
2017-02-13 09:32:38,155 - org.eclipse.jetty.io - 9.3.9.v20160517
2017-02-13 09:32:38,157 - org.eclipse.jetty.security - 9.3.9.v20160517
2017-02-13 09:32:38,159 - org.eclipse.jetty.server - 9.3.9.v20160517
2017-02-13 09:32:38,162 - org.eclipse.jetty.servlet - 9.3.9.v20160517
2017-02-13 09:32:38,164 - org.eclipse.jetty.util - 9.3.9.v20160517
2017-02-13 09:32:38,164 - org.eclipse.core.net - 1.3.0.v20160418-1534
2017-02-13 09:32:38,164 - org.eclipse.equinox.security - 1.2.200.v20150715-1528
2017-02-13 09:32:38,169 - org.eclipse.mylyn.bugzilla.core - 3.21.0.v20160909-1813
2017-02-13 09:32:38,169 - org.eclipse.mylyn.bugzilla.ui - 3.21.0.v20160909-1813
2017-02-13 09:32:38,184 - org.eclipse.andmore.hierarchyviewer - 0.5.0.201605181018
2017-02-13 09:32:38,189 - org.eclipse.sequoyah.device.backward - 2.1.0.N20120718-0509
2017-02-13 09:32:38,189 - org.eclipse.sequoyah.device.framework - 2.1.0.N20120718-0509
2017-02-13 09:32:38,189 - org.eclipse.sequoyah.device.framework.ui - 2.1.0.N20120718-0509
2017-02-13 09:32:38,189 - org.eclipse.sequoyah.device.service.start - 2.1.0.N20120718-0509
2017-02-13 09:32:38,189 - org.eclipse.sequoyah.device.service.stop - 2.1.0.N20120718-0509
2017-02-13 09:32:38,189 - org.eclipse.sequoyah.device.framework.wizard - 2.1.0.N20120718-0509
2017-02-13 09:32:38,197 - org.eclipse.buildship.core - 1.0.21.v20161010-1640
2017-02-13 09:32:38,197 - org.eclipse.buildship.ui - 1.0.21.v20161010-1640
2017-02-13 09:32:38,197 - org.eclipse.buildship.branding - 1.0.21.v20161010-1640
2017-02-13 09:32:38,197 - org.eclipse.buildship.stsmigration - 1.0.21.v20161010-1640
2017-02-13 09:32:38,254 - org.eclipse.mylyn.tasks.core - 3.21.0.v20160914-0252
2017-02-13 09:32:38,256 - org.eclipse.mylyn.tasks.index.core - 3.21.0.v20160630-2019
2017-02-13 09:32:38,256 - org.eclipse.mylyn.tasks.index.ui - 3.21.0.v20160630-2019
2017-02-13 09:32:38,256 - org.eclipse.mylyn.tasks.search - 3.21.0.v20160630-2019
2017-02-13 09:32:38,256 - org.eclipse.mylyn.tasks.ui - 3.21.0.v20160913-2131
2017-02-13 09:32:38,262 - org.eclipse.egit.core - 4.4.1.201607150455-r
2017-02-13 09:32:38,262 - org.eclipse.egit.ui - 4.4.1.201607150455-r
2017-02-13 09:32:38,262 - org.eclipse.egit - 4.4.1.201607150455-r
2017-02-13 09:32:38,262 - org.eclipse.egit.doc - 4.4.1.201607150455-r
2017-02-13 09:32:38,268 - org.eclipse.aether.maven - 3.1.0.v20140706-2237
2017-02-13 09:32:38,273 - org.eclipse.gef - 3.11.0.201606061308
2017-02-13 09:32:38,284 - org.eclipse.mylyn.commons.identity.core - 1.13.0.v20160630-1702
2017-02-13 09:32:38,287 - org.eclipse.oomph.p2 - 1.6.0.v20161019-0656
2017-02-13 09:32:38,288 - org.eclipse.oomph.p2.core - 1.6.0.v20161111-1110
2017-02-13 09:32:38,288 - org.eclipse.oomph.p2.edit - 1.6.0.v20161019-0656
2017-02-13 09:32:38,288 - org.eclipse.oomph.p2.ui - 1.6.0.v20161128-0924
2017-02-13 09:32:38,288 - org.eclipse.oomph.p2.doc - 1.6.0.v20161019-0656
2017-02-13 09:32:38,295 - org.eclipse.datatools.enablement.sqlite - 1.1.0.201603142002
2017-02-13 09:32:38,295 - org.eclipse.datatools.enablement.sqlite.dbdefinition - 1.1.0.201603142002
2017-02-13 09:32:38,295 - org.eclipse.datatools.enablement.sqlite.ui - 1.1.0.201603142002
2017-02-13 09:32:38,295 - org.eclipse.datatools.enablement.finfo - 1.6.0.201603142002
2017-02-13 09:32:38,468 - org.eclipse.emf.codegen.ui - 2.6.0.v20160526-0356
2017-02-13 09:32:38,474 - org.eclipse.mylyn.commons.notifications.core - 1.13.0.v20160630-1702
2017-02-13 09:32:38,474 - org.eclipse.mylyn.commons.notifications.feed - 1.13.0.v20160721-2347
2017-02-13 09:32:38,474 - org.eclipse.mylyn.commons.notifications.ui - 1.13.0.v20160630-1702
2017-02-13 09:32:38,480 - org.eclipse.emf.converter - 2.7.0.v20160526-0356
2017-02-13 09:32:38,480 - org.eclipse.emf.importer - 2.9.0.v20160526-0356
2017-02-13 09:32:38,480 - org.eclipse.emf.exporter - 2.7.0.v20160526-0356
2017-02-13 09:32:38,480 - org.eclipse.emf.importer.ecore - 2.8.0.v20160526-0356
2017-02-13 09:32:38,482 - org.eclipse.emf.importer.java - 2.7.0.v20160526-0356
2017-02-13 09:32:38,482 - org.eclipse.emf.importer.rose - 2.8.0.v20160526-0356
2017-02-13 09:32:38,488 - org.eclipse.emf.edit.ui - 2.12.0.v20160526-0356
2017-02-13 09:32:38,495 - org.eclipse.help - 3.7.0.v20160602-1307
2017-02-13 09:32:38,495 - org.eclipse.ui - 3.108.1.v20160929-1045
2017-02-13 09:32:38,495 - org.eclipse.ui.workbench - 3.108.2.v20161025-2029
2017-02-13 09:32:38,495 - org.eclipse.update.configurator - 3.3.400.v20160506-0750
2017-02-13 09:32:38,495 - org.eclipse.rcp - 4.6.2.v20161124-1400
2017-02-13 09:32:38,502 - org.eclipse.recommenders.rcp - 2.4.5.v20161130-1427
2017-02-13 09:32:38,504 - org.eclipse.recommenders.apidocs - 2.4.5.v20161130-1427
2017-02-13 09:32:38,504 - org.eclipse.recommenders.apidocs.rcp - 2.4.5.v20161130-1427
2017-02-13 09:32:38,505 - org.eclipse.recommenders.calls - 2.4.5.v20161130-1427
2017-02-13 09:32:38,505 - org.eclipse.recommenders.calls.rcp - 2.4.5.v20161130-1427
2017-02-13 09:32:38,505 - org.eclipse.recommenders.chain.rcp - 2.4.5.v20161130-1427
2017-02-13 09:32:38,509 - org.eclipse.recommenders.completion.rcp - 2.4.5.v20161130-1427
2017-02-13 09:32:38,512 - org.eclipse.recommenders.constructors - 2.4.5.v20161130-1427
2017-02-13 09:32:38,512 - org.eclipse.recommenders.constructors.rcp - 2.4.5.v20161130-1427
2017-02-13 09:32:38,513 - org.eclipse.recommenders.coordinates - 2.4.5.v20161130-1427
2017-02-13 09:32:38,513 - org.eclipse.recommenders.coordinates.rcp - 2.4.5.v20161130-1427
2017-02-13 09:32:38,513 - org.eclipse.recommenders.injection - 2.4.5.v20161130-1427
2017-02-13 09:32:38,514 - org.eclipse.recommenders.jayes - 2.4.5.v20161130-1427
2017-02-13 09:32:38,515 - org.eclipse.recommenders.jayes.io - 2.4.5.v20161130-1427
2017-02-13 09:32:38,528 - org.eclipse.recommenders.jdt - 2.4.5.v20161130-1427
2017-02-13 09:32:38,530 - org.eclipse.recommenders.models - 2.4.5.v20161130-1427
2017-02-13 09:32:38,530 - org.eclipse.recommenders.models.rcp - 2.4.5.v20161130-1427
2017-02-13 09:32:38,533 - org.eclipse.recommenders.net - 2.4.5.v20161130-1427
2017-02-13 09:32:38,729 - org.eclipse.recommenders.overrides - 2.4.5.v20161130-1427
2017-02-13 09:32:38,730 - org.eclipse.recommenders.overrides.rcp - 2.4.5.v20161130-1427
2017-02-13 09:32:38,730 - org.eclipse.recommenders.subwords.rcp - 2.4.5.v20161130-1427
2017-02-13 09:32:38,730 - org.eclipse.recommenders.types.rcp - 2.4.5.v20161130-1427
2017-02-13 09:32:38,732 - org.eclipse.recommenders.utils - 2.4.5.v20161130-1427
2017-02-13 09:32:38,732 - org.eclipse.recommenders.utils.rcp - 2.4.5.v20161130-1427
2017-02-13 09:32:38,738 - org.eclipse.mylyn.commons.repositories.http.core - 1.13.0.v20160630-1702
2017-02-13 09:32:38,743 - org.eclipse.datatools.connectivity.oda.design.ui - 3.3.0.201603142002
2017-02-13 09:32:38,743 - org.eclipse.datatools.connectivity.ui.dse - 1.2.0.201603142002
2017-02-13 09:32:38,743 - org.eclipse.datatools.connectivity.ui - 1.3.0.201603142002
2017-02-13 09:32:38,743 - org.eclipse.datatools.connectivity.sqm.core - 1.3.0.201603142002
2017-02-13 09:32:38,743 - org.eclipse.datatools.help - 1.6.0.201603142002
2017-02-13 09:32:38,752 - org.eclipse.jdt - 3.12.2.v20161124-1400
2017-02-13 09:32:38,753 - org.eclipse.ant.ui - 3.6.201.v20161115-1135
2017-02-13 09:32:38,753 - org.eclipse.jdt.apt.core - 3.4.100.v20160525-0952
2017-02-13 09:32:38,753 - org.eclipse.jdt.apt.ui - 3.4.100.v20160418-1457
2017-02-13 09:32:38,753 - org.eclipse.jdt.apt.pluggable.core - 1.1.100.v20160418-1457
2017-02-13 09:32:38,756 - org.eclipse.jdt.compiler.apt - 1.2.100.v20160418-1457
2017-02-13 09:32:38,756 - org.eclipse.jdt.compiler.tool - 1.1.100.v20160418-1457
2017-02-13 09:32:38,756 - org.eclipse.jdt.core - 3.12.2.v20161117-1814
2017-02-13 09:32:38,857 - org.eclipse.jdt.annotation - 2.1.0.v20160418-1457
2017-02-13 09:32:38,857 - org.eclipse.jdt.annotation - 2.1.0.v20160418-1457
2017-02-13 09:32:38,857 - org.eclipse.jdt.core.manipulation - 1.7.0.v20160419-0705
2017-02-13 09:32:38,857 - org.eclipse.jdt.debug.ui - 3.7.201.v20160811-0450
2017-02-13 09:32:38,857 - org.eclipse.jdt.debug - 3.10.1.v20160811-0441
2017-02-13 09:32:38,857 - org.eclipse.jdt.junit - 3.9.0.v20160421-1701
2017-02-13 09:32:38,857 - org.eclipse.jdt.junit.core - 3.8.0.v20160421-1701
2017-02-13 09:32:38,859 - org.eclipse.jdt.junit.runtime - 3.4.600.v20160505-0715
2017-02-13 09:32:38,862 - org.eclipse.jdt.junit4.runtime - 1.1.600.v20160505-0715
2017-02-13 09:32:38,862 - org.eclipse.jdt.launching - 3.8.101.v20161111-2014
2017-02-13 09:32:38,862 - org.eclipse.jdt.ui - 3.12.2.v20160929-0804
2017-02-13 09:32:38,863 - org.junit - 4.12.0.v201504281640
2017-02-13 09:32:38,865 - org.hamcrest.core - 1.3.0.v201303031735
2017-02-13 09:32:38,865 - org.eclipse.jdt.doc.user - 3.12.1.v20160727-2009
2017-02-13 09:32:38,865 - org.eclipse.ant.launching - 1.1.201.v20161115-1135
2017-02-13 09:32:38,869 - org.eclipse.emf.common - 2.12.0.v20160420-0247
2017-02-13 09:32:38,900 - org.eclipse.sequoyah.vnc.vncviewer.vncviews - 2.1.0.N20120718-0509
2017-02-13 09:32:38,947 - org.eclipse.egit.mylyn.ui - 4.4.1.201607150455-r
2017-02-13 09:32:38,955 - org.eclipse.datatools.sqltools.common.ui - 1.1.0.201603142002
2017-02-13 09:32:38,955 - org.eclipse.datatools.sqltools.debugger.core - 1.1.0.201603142002
2017-02-13 09:32:38,955 - org.eclipse.datatools.sqltools.editor.core - 1.1.0.201603142002
2017-02-13 09:32:38,955 - org.eclipse.datatools.sqltools.plan - 1.1.0.201603142002
2017-02-13 09:32:38,955 - org.eclipse.datatools.sqltools.routineeditor - 1.1.0.201603142002
2017-02-13 09:32:38,956 - org.eclipse.datatools.sqltools.sql - 1.1.0.201603142002
2017-02-13 09:32:38,957 - org.eclipse.datatools.sqltools.sqleditor - 1.1.0.201603142002
2017-02-13 09:32:38,957 - org.eclipse.datatools.sqltools.sqlscrapbook - 1.1.0.201603142002
2017-02-13 09:32:38,957 - org.eclipse.datatools.help - 1.6.0.201603142002
2017-02-13 09:32:38,957 - org.eclipse.datatools.sqltools.db.generic - 1.1.0.201603142002
2017-02-13 09:32:38,957 - org.eclipse.datatools.sqltools.debugger.core.ui - 1.1.0.201603142002
2017-02-13 09:32:38,957 - org.eclipse.datatools.sqltools.editor.core.ui - 1.1.0.201603142002
2017-02-13 09:32:38,957 - org.eclipse.datatools.sqltools.result.ui - 1.2.0.201603142002
2017-02-13 09:32:38,957 - org.eclipse.datatools.sqltools.routineeditor.ui - 1.1.0.201603142002
2017-02-13 09:32:38,957 - org.eclipse.datatools.sqltools.sql.ui - 1.1.0.201603142002
2017-02-13 09:32:38,966 - org.objectweb.asm - 5.0.1.v201404251740
2017-02-13 09:32:38,966 - org.eclipse.andmore - 0.5.0.201605181018
2017-02-13 09:32:38,966 - org.eclipse.andmore.base - 0.5.0.201605181018
2017-02-13 09:32:38,966 - org.eclipse.andmore.ddms - 0.5.0.201605181018
2017-02-13 09:32:38,966 - org.eclipse.andmore.overlay - 0.5.0.201605181018
2017-02-13 09:32:38,969 - org.apache.commons.codec - 1.6.0.v201305230611
2017-02-13 09:32:39,047 - org.apache.commons.compress - 1.6.0.v201310281400
2017-02-13 09:32:39,050 - org.apache.httpcomponents.httpclient - 4.3.6.v201511171540
2017-02-13 09:32:39,056 - org.apache.httpcomponents.httpcore - 4.3.3.v201411290715
2017-02-13 09:32:39,076 - org.eclipse.datatools.modelbase.dbdefinition - 1.1.0.201603142002
2017-02-13 09:32:39,076 - org.eclipse.datatools.modelbase.sql.edit - 1.1.0.201603142002
2017-02-13 09:32:39,076 - org.eclipse.datatools.modelbase.sql.query - 1.2.0.201603142002
2017-02-13 09:32:39,076 - org.eclipse.datatools.modelbase.sql.query.edit - 1.1.0.201603142002
2017-02-13 09:32:39,077 - org.eclipse.datatools.modelbase.sql.xml.query - 1.1.0.201603142002
2017-02-13 09:32:39,077 - org.eclipse.datatools.modelbase.sql - 1.1.0.201603142002
2017-02-13 09:32:39,199 - org.eclipse.emf.mapping - 2.9.0.v20160526-0356
2017-02-13 09:32:39,207 - org.eclipse.oomph.setup.editor - 1.6.0.v20161125-1207
2017-02-13 09:32:39,207 - org.eclipse.oomph.setup.ui - 1.6.0.v20161128-0851
2017-02-13 09:32:39,207 - org.eclipse.oomph.setup.doc - 1.6.0.v20161019-0656
2017-02-13 09:32:39,207 - org.eclipse.oomph.setup.ui.questionnaire - 1.6.0.v20161019-0656
2017-02-13 09:32:39,207 - org.eclipse.oomph.jreinfo.ui - 1.6.0.v20161019-0656
2017-02-13 09:32:39,216 - org.eclipse.emf.ecore - 2.12.0.v20160420-0247
2017-02-13 09:32:39,223 - org.eclipse.emf.ecore.change - 2.11.0.v20160420-0247
2017-02-13 09:32:39,223 - org.eclipse.emf.ecore.xmi - 2.12.0.v20160420-0247
2017-02-13 09:32:39,227 - org.eclipse.jgit - 4.4.1.201607150455-r
2017-02-13 09:32:39,229 - org.eclipse.jgit.archive - 4.4.1.201607150455-r
2017-02-13 09:32:39,230 - com.jcraft.jsch - 0.1.53.v201508180515
2017-02-13 09:32:39,235 - javaewah - 0.7.9.v201605172130
2017-02-13 09:32:39,235 - org.apache.commons.compress - 1.6.0.v201310281400
2017-02-13 09:32:39,242 - org.slf4j.api - 1.7.2.v20121108-1250
2017-02-13 09:32:39,242 - org.slf4j.impl.log4j12 - 1.7.2.v20131105-2200
2017-02-13 09:32:39,244 - org.apache.log4j - 1.2.15.v201012070815
2017-02-13 09:32:39,253 - org.eclipse.mylyn.wikitext.core - 2.10.1.v20161129-1925
2017-02-13 09:32:39,255 - org.eclipse.mylyn.wikitext.core.ant - 2.10.1.v20161129-1925
2017-02-13 09:32:39,258 - org.eclipse.mylyn.wikitext.core.osgi - 2.10.1.v20161129-1925
2017-02-13 09:32:39,258 - org.eclipse.mylyn.wikitext.textile.core - 2.10.1.v20161129-1925
2017-02-13 09:32:39,260 - org.eclipse.mylyn.wikitext.html.core - 2.10.1.v20161129-1925
2017-02-13 09:32:39,260 - org.eclipse.mylyn.wikitext.markdown.core - 2.10.1.v20161129-1925
2017-02-13 09:32:39,260 - org.eclipse.mylyn.wikitext.mediawiki.core - 2.10.1.v20161129-1925
2017-02-13 09:32:39,265 - org.eclipse.mylyn.wikitext.mediawiki.core.ant - 2.10.1.v20161129-1925
2017-02-13 09:32:39,266 - org.eclipse.mylyn.wikitext.confluence.core - 2.10.1.v20161129-1925
2017-02-13 09:32:39,266 - org.eclipse.mylyn.wikitext.tracwiki.core - 2.10.1.v20161129-1925
2017-02-13 09:32:39,266 - org.eclipse.mylyn.wikitext.twiki.core - 2.10.1.v20161129-1925
2017-02-13 09:32:39,266 - org.eclipse.mylyn.wikitext.ui - 2.10.1.v20161129-1925
2017-02-13 09:32:39,266 - org.eclipse.mylyn.wikitext.help.ui - 2.10.1.v20161129-1925
2017-02-13 09:32:39,266 - org.eclipse.mylyn.wikitext.textile.ui - 2.10.1.v20161129-1925
2017-02-13 09:32:39,267 - org.eclipse.mylyn.wikitext.markdown.ui - 2.10.1.v20161129-1925
2017-02-13 09:32:39,267 - org.eclipse.mylyn.wikitext.mediawiki.ui - 2.10.1.v20161129-1925
2017-02-13 09:32:39,324 - org.eclipse.mylyn.wikitext.confluence.ui - 2.10.1.v20161129-1925
2017-02-13 09:32:39,324 - org.eclipse.mylyn.wikitext.tracwiki.ui - 2.10.1.v20161129-1925
2017-02-13 09:32:39,324 - org.eclipse.mylyn.wikitext.twiki.ui - 2.10.1.v20161129-1925
2017-02-13 09:32:39,324 - org.eclipse.mylyn.wikitext.tasks.ui - 2.10.1.v20161129-1925
2017-02-13 09:32:39,324 - org.eclipse.mylyn.wikitext.context.ui - 2.10.1.v20161129-1925
2017-02-13 09:32:39,324 - org.eclipse.mylyn.wikitext.asciidoc.core - 2.10.1.v20161129-1925
2017-02-13 09:32:39,324 - org.eclipse.mylyn.wikitext.asciidoc.ui - 2.10.1.v20161129-1925
2017-02-13 09:32:39,328 - org.eclipse.emf.mapping.ecore.editor - 2.6.0.v20160526-0356
2017-02-13 09:32:39,329 - org.eclipse.emf.mapping.ecore2ecore.editor - 2.7.0.v20160526-0356
2017-02-13 09:32:39,329 - org.eclipse.emf.mapping.ecore2xml.ui - 2.8.0.v20160526-0356
2017-02-13 09:32:39,335 - org.eclipse.recommenders.mylyn.rcp - 2.4.5.v20161130-1427
2017-02-13 09:32:39,409 - org.apache.ant - 1.9.6.v201510161327
2017-02-13 09:32:39,409 - org.eclipse.ant.core - 3.4.100.v20160505-0642
2017-02-13 09:32:39,409 - com.jcraft.jsch - 0.1.53.v201508180515
2017-02-13 09:32:39,412 - org.eclipse.compare.core - 3.6.0.v20160418-1534
2017-02-13 09:32:39,412 - org.eclipse.compare - 3.7.0.v20161024-1724
2017-02-13 09:32:39,412 - org.eclipse.compare.win32 - 1.1.0.v20160418-1534
2017-02-13 09:32:39,412 - org.eclipse.core.filebuffers - 3.6.0.v20160503-1849
2017-02-13 09:32:39,412 - org.eclipse.core.filesystem - 1.6.1.v20161113-2349
2017-02-13 09:32:39,412 - org.eclipse.core.net - 1.3.0.v20160418-1534
2017-02-13 09:32:39,416 - org.eclipse.core.net.win32.x86_64 - 1.1.0.v20160323-1650
2017-02-13 09:32:39,417 - org.eclipse.core.resources - 3.11.1.v20161107-2032
2017-02-13 09:32:39,418 - org.eclipse.osgi.util - 3.3.100.v20150423-1351
2017-02-13 09:32:39,419 - org.eclipse.debug.core - 3.10.100.v20160419-1720
2017-02-13 09:32:39,420 - org.eclipse.debug.ui - 3.11.202.v20161114-0338
2017-02-13 09:32:39,423 - org.eclipse.equinox.event - 1.3.200.v20160324-1850
2017-02-13 09:32:39,423 - org.eclipse.ltk.core.refactoring - 3.7.0.v20160419-0705
2017-02-13 09:32:39,423 - org.eclipse.ltk.ui.refactoring - 3.8.0.v20160518-1817
2017-02-13 09:32:39,423 - org.eclipse.platform - 4.6.2.v20161124-1400
2017-02-13 09:32:39,423 - org.eclipse.platform.doc.user - 4.6.1.v20160727-2009
2017-02-13 09:32:39,423 - org.eclipse.search - 3.11.1.v20161113-1700
2017-02-13 09:32:39,424 - org.eclipse.team.core - 3.8.0.v20160418-1534
2017-02-13 09:32:39,424 - org.eclipse.team.ui - 3.8.0.v20160518-1906
2017-02-13 09:32:39,426 - org.eclipse.text - 3.6.0.v20160503-1849
2017-02-13 09:32:39,453 - org.eclipse.jface.text - 3.11.2.v20161113-1700
2017-02-13 09:32:39,453 - org.eclipse.jsch.core - 1.3.0.v20160422-1917
2017-02-13 09:32:39,453 - org.eclipse.jsch.ui - 1.3.0.v20160323-1650
2017-02-13 09:32:39,453 - org.eclipse.ui.console - 3.6.201.v20161107-0337
2017-02-13 09:32:39,453 - org.eclipse.ui.intro - 3.5.2.v20161116-1147
2017-02-13 09:32:39,453 - org.eclipse.ui.intro.universal - 3.3.1.v20160829-1558
2017-02-13 09:32:39,453 - org.eclipse.ui.cheatsheets - 3.5.0.v20160504-0839
2017-02-13 09:32:39,453 - org.eclipse.ui.browser - 3.5.2.v20161114-0210
2017-02-13 09:32:39,453 - org.eclipse.ui.monitoring - 1.1.1.v20161028-1850
2017-02-13 09:32:39,454 - org.eclipse.ui.navigator - 3.6.101.v20161006-1120
2017-02-13 09:32:39,454 - org.eclipse.ui.navigator.resources - 3.5.101.v20161006-0640
2017-02-13 09:32:39,454 - org.eclipse.ui.net - 1.3.0.v20160426-1633
2017-02-13 09:32:39,454 - org.eclipse.ui.workbench.texteditor - 3.10.1.v20160818-1626
2017-02-13 09:32:39,454 - org.eclipse.ui.views - 3.8.101.v20160816-1954
2017-02-13 09:32:39,454 - org.eclipse.ui.editors - 3.10.1.v20161106-1856
2017-02-13 09:32:39,454 - org.eclipse.ui.externaltools - 3.3.100.v20160518-1858
2017-02-13 09:32:39,454 - org.eclipse.ui.ide - 3.12.2.v20161115-1450
2017-02-13 09:32:39,454 - org.eclipse.ui.ide.application - 1.1.101.v20160829-0827
2017-02-13 09:32:39,457 - org.eclipse.ui.win32 - 3.3.0.v20160505-1310
2017-02-13 09:32:39,457 - org.eclipse.core.resources.win32.x86_64 - 3.5.0.v20140124-1940
2017-02-13 09:32:39,459 - org.eclipse.core.filesystem.win32.x86_64 - 1.4.0.v20140124-1940
2017-02-13 09:32:39,459 - org.eclipse.core.variables - 3.3.0.v20160419-1720
2017-02-13 09:32:39,460 - org.eclipse.ui.forms - 3.7.0.v20160518-1929
2017-02-13 09:32:39,460 - org.eclipse.ui.views.properties.tabbed - 3.7.0.v20160310-0903
2017-02-13 09:32:39,460 - org.eclipse.equinox.security - 1.2.200.v20150715-1528
2017-02-13 09:32:39,460 - org.eclipse.equinox.security.ui - 1.1.300.v20150803-1225
2017-02-13 09:32:39,460 - org.eclipse.equinox.security.win32.x86_64 - 1.0.100.v20130327-1442
2017-02-13 09:32:39,460 - org.eclipse.core.externaltools - 1.0.400.v20160509-1057
2017-02-13 09:32:39,460 - org.eclipse.ui.themes - 1.1.300.v20161107-1827
2017-02-13 09:32:39,460 - org.eclipse.core.runtime - 3.12.0.v20160606-1342
2017-02-13 09:32:39,460 - org.eclipse.ui.intro.quicklinks - 1.0.0.v20160515-0255
2017-02-13 09:32:39,466 - org.eclipse.mylyn.discovery.core - 3.21.0.v20160729-1739
2017-02-13 09:32:39,466 - org.eclipse.mylyn.discovery.ui - 3.21.0.v20160630-1702
2017-02-13 09:32:39,472 - org.eclipse.emf.ecore.edit - 2.9.0.v20160526-0356
2017-02-13 09:32:39,472 - org.eclipse.emf.ecore.change.edit - 2.6.0.v20160526-0356
2017-02-13 09:32:39,482 - org.eclipse.sequoyah.vnc.protocol - 2.1.0.N20120718-0509
2017-02-13 09:32:39,547 - org.eclipse.mylyn.versions.core - 1.13.0.v20160630-2022
2017-02-13 09:32:39,548 - org.eclipse.mylyn.versions.ui - 1.13.0.v20160630-2022
2017-02-13 09:32:39,583 - org.eclipse.emf.mapping.ecore - 2.6.0.v20160526-0356
2017-02-13 09:32:39,583 - org.eclipse.emf.mapping.ecore2ecore - 2.9.0.v20160526-0356
2017-02-13 09:32:39,583 - org.eclipse.emf.mapping.ecore2xml - 2.9.0.v20160526-0356
2017-02-13 09:32:39,593 - org.eclipse.andmore.traceview - 0.5.0.201605181018
2017-02-13 09:32:39,603 - org.eclipse.sequoyah.localization.android - 2.1.0.N20120718-0509
2017-02-13 09:32:39,604 - org.eclipse.sequoyah.localization.android.help - 2.1.1.N20120718-0509
2017-02-13 09:32:39,617 - org.eclipse.m2e.logback.configuration - 1.7.0.20160603-1933
2017-02-13 09:32:39,623 - org.eclipse.m2e.logback.appender - 1.7.0.20160603-1933
2017-02-13 09:32:39,642 - org.eclipse.emf.codegen - 2.11.0.v20160526-0356
2017-02-13 09:32:39,705 - org.eclipse.wst.dtd.ui - 1.0.801.v201308100602
2017-02-13 09:32:39,705 - org.eclipse.wst.dtd.ui.infopop - 1.0.400.v201309112106
2017-02-13 09:32:39,705 - org.eclipse.wst.sse.ui.infopop - 1.0.300.v201309112106
2017-02-13 09:32:39,705 - org.eclipse.wst.xml.ui.infopop - 1.0.400.v201309112106
2017-02-13 09:32:39,705 - org.eclipse.wst.sse.ui - 1.3.500.v201605120129
2017-02-13 09:32:39,705 - org.eclipse.wst.xml.ui - 1.1.700.v201604272318
2017-02-13 09:32:39,705 - org.eclipse.wst.xsd.ui - 1.2.600.v201511240159
2017-02-13 09:32:39,714 - org.eclipse.emf - 2.6.0.v20160526-0356
2017-02-13 09:32:39,725 - org.eclipse.datatools.doc.user - 1.7.0.20090521092446
2017-02-13 09:32:39,726 - org.eclipse.datatools.oda.cshelp - 1.2.0.201603142002
2017-02-13 09:32:39,726 - org.eclipse.datatools.help - 1.6.0.201603142002
2017-02-13 09:32:39,733 - org.eclipse.mylyn.tasks.bugs - 3.21.0.v20160929-1805
2017-02-13 09:32:39,733 - org.eclipse.mylyn.help.ui - 3.21.0.v20160913-2013
2017-02-13 09:32:39,741 - org.eclipse.draw2d - 3.10.100.201606061308
2017-02-13 09:32:39,762 - org.eclipse.emf.edit - 2.12.0.v20160526-0356
2017-02-13 09:32:39,774 - org.eclipse.mylyn.commons.core - 3.21.0.v20160707-1856
2017-02-13 09:32:39,776 - org.eclipse.mylyn.commons.screenshots - 3.21.0.v20160630-1702
2017-02-13 09:32:39,778 - org.eclipse.mylyn.commons.ui - 3.21.0.v20160630-1702
2017-02-13 09:32:39,778 - org.eclipse.mylyn.commons.workbench - 3.21.0.v20160630-1702
2017-02-13 09:32:39,793 - org.eclipse.mylyn.bugzilla.ide - 3.21.0.v20160912-1820
2017-02-13 09:32:39,793 - org.eclipse.mylyn.ide.ui - 3.21.0.v20160701-1337
2017-02-13 09:32:39,804 - org.eclipse.emf.databinding.edit - 1.3.0.v20160526-0356
2017-02-13 09:32:39,824 - org.eclipse.emf.codegen.ecore - 2.12.0.v20160526-0356
2017-02-13 09:32:39,824 - org.eclipse.emf.ant - 2.8.0.v20160526-0356
2017-02-13 09:32:39,883 - org.eclipse.m2e.archetype.common - 1.7.0.20160603-1931
2017-02-13 09:32:39,975 - org.eclipse.m2e.maven.indexer - 1.7.0.20160603-1931
2017-02-13 09:32:39,975 - org.eclipse.m2e.model.edit - 1.7.0.20160603-1933
2017-02-13 09:32:39,975 - org.eclipse.m2e.core - 1.7.0.20160603-1933
2017-02-13 09:32:39,975 - org.eclipse.m2e.launching - 1.7.0.20160603-1933
2017-02-13 09:32:39,993 - org.eclipse.m2e.workspace.cli - 0.3.1
2017-02-13 09:32:39,993 - org.eclipse.m2e.jdt - 1.7.0.20160603-1933
2017-02-13 09:32:39,993 - org.eclipse.m2e.editor - 1.7.0.20160603-1933
2017-02-13 09:32:39,993 - org.eclipse.m2e.editor.xml - 1.7.0.20160603-1933
2017-02-13 09:32:40,112 - org.eclipse.m2e.maven.runtime - 1.7.0.20160603-1931
2017-02-13 09:32:40,115 - org.eclipse.m2e.maven.runtime.slf4j.simple - 1.7.0.20160603-1931
2017-02-13 09:32:40,115 - org.eclipse.m2e.refactoring - 1.7.0.20160603-1933
2017-02-13 09:32:40,116 - org.eclipse.m2e.lifecyclemapping.defaults - 1.7.0.20160603-1933
2017-02-13 09:32:40,116 - org.eclipse.m2e.discovery - 1.7.0.20160603-1933
2017-02-13 09:32:40,116 - org.eclipse.m2e.core.ui - 1.7.0.20160603-1933
2017-02-13 09:32:40,116 - org.eclipse.m2e.scm - 1.7.0.20160603-1933
2017-02-13 09:32:40,116 - org.eclipse.m2e.jdt.ui - 1.7.0.20160603-1933
2017-02-13 09:32:40,116 - org.eclipse.m2e.profiles.core - 1.7.0.20160603-1933
2017-02-13 09:32:40,116 - org.eclipse.m2e.profiles.ui - 1.7.0.20160603-1933
2017-02-13 09:32:40,116 - org.eclipse.m2e.importer - 1.7.0.20160603-1933
2017-02-13 09:32:40,120 - org.eclipse.andmore.ndk - 0.5.0.201605181018
2017-02-13 09:32:40,126 - org.eclipse.andmore.gldebugger - 0.5.0.201605181018
2017-02-13 09:32:40,139 - org.eclipse.mylyn.hudson.core - 1.13.0.v20160806-1446
2017-02-13 09:32:40,139 - org.eclipse.mylyn.hudson.ui - 1.13.0.v20160704-1634
2017-02-13 09:32:40,155 - org.eclipse.epp.mpc.core - 1.5.3.v20161116-1851
2017-02-13 09:32:40,155 - org.eclipse.epp.mpc.ui - 1.5.3.v20161116-1851
2017-02-13 09:32:40,155 - org.eclipse.epp.mpc.help.ui - 1.5.3.v20161116-1851
2017-02-13 09:32:40,155 - org.apache.httpcomponents.httpclient - 4.3.6.v201511171540
2017-02-13 09:32:40,155 - org.apache.httpcomponents.httpcore - 4.3.3.v201411290715
2017-02-13 09:32:40,165 - org.eclipse.mylyn.git.core - 1.13.0.v20160630-2022
2017-02-13 09:32:40,165 - org.eclipse.mylyn.git.ui - 1.13.0.v20160630-2022
2017-02-13 09:32:40,252 - org.eclipse.datatools.connectivity.oda.consumer - 3.3.0.201603142002
2017-02-13 09:32:40,252 - org.eclipse.datatools.connectivity.oda.design - 3.4.0.201603142002
2017-02-13 09:32:40,252 - org.eclipse.datatools.connectivity.oda.profile - 3.3.0.201603142002
2017-02-13 09:32:40,252 - org.eclipse.datatools.connectivity.oda - 3.5.0.201603142002
2017-02-13 09:32:40,252 - org.eclipse.datatools.connectivity - 1.13.0.201603142002
2017-02-13 09:32:40,262 - org.eclipse.andmore.android.certmanager - 0.5.0.201605181018
2017-02-13 09:32:40,268 - org.eclipse.recommenders.snipmatch - 2.4.5.v20161130-1427
2017-02-13 09:32:40,268 - org.eclipse.recommenders.snipmatch.rcp - 2.4.5.v20161130-1427
2017-02-13 09:32:40,275 - org.eclipse.cdt.gdb - 7.0.0.201612061315
2017-02-13 09:32:40,275 - org.eclipse.cdt.gdb.ui - 7.0.0.201612061315
2017-02-13 09:32:40,279 - org.eclipse.pde - 3.12.2.v20161124-1400
2017-02-13 09:32:40,281 - org.eclipse.pde.build - 3.9.200.v20160204-0642
2017-02-13 09:32:40,282 - org.eclipse.pde.core - 3.11.1.v20161115-1951
2017-02-13 09:32:40,282 - org.eclipse.pde.junit.runtime - 3.5.0.v20151013-0625
2017-02-13 09:32:40,282 - org.eclipse.pde.runtime - 3.5.0.v20160418-1724
2017-02-13 09:32:40,282 - org.eclipse.pde.ui - 3.9.100.v20161102-0517
2017-02-13 09:32:40,282 - org.eclipse.pde.doc.user - 3.12.2.v20161123-1159
2017-02-13 09:32:40,282 - org.eclipse.pde.ui.templates - 3.6.0.v20160424-1948
2017-02-13 09:32:40,282 - org.eclipse.ui.views.log - 1.2.1.v20160829-0826
2017-02-13 09:32:40,282 - org.objectweb.asm - 5.0.1.v201404251740
2017-02-13 09:32:40,284 - org.objectweb.asm.tree - 5.0.1.v201404251740
2017-02-13 09:32:40,285 - org.eclipse.pde.api.tools - 1.1.2.v20161115-0549
2017-02-13 09:32:40,286 - org.eclipse.pde.api.tools.annotations - 1.0.100.v20160418-1724
2017-02-13 09:32:40,286 - org.eclipse.pde.api.tools.ui - 1.1.0.v20160519-0701
2017-02-13 09:32:40,286 - org.eclipse.pde.ds.core - 1.1.0.v20151201-1325
2017-02-13 09:32:40,286 - org.eclipse.pde.ds.ui - 1.1.0.v20160518-1843
2017-02-13 09:32:40,286 - org.eclipse.pde.launching - 3.6.401.v20161115-0549
2017-02-13 09:32:40,286 - org.eclipse.pde.ua.core - 1.0.500.v20160204-0642
2017-02-13 09:32:40,286 - org.eclipse.pde.ua.ui - 1.1.0.v20160518-1843
2017-02-13 09:32:40,286 - org.eclipse.ui.trace - 1.0.400.v20160509-1055
2017-02-13 09:32:40,286 - org.eclipse.pde.ds.annotations - 1.0.0.v20160525-1437
2017-02-13 09:32:40,298 - org.eclipse.sequoyah.localization.tools - 2.1.0.N20120718-0509
2017-02-13 09:32:40,298 - org.eclipse.sequoyah.localization.editor - 2.1.0.N20120718-0509
2017-02-13 09:32:40,303 - net.sourceforge.lpg.lpgjavaruntime - 1.1.0.v201004271650
2017-02-13 09:32:40,303 - org.eclipse.datatools.sqltools.parsers.sql.lexer - 1.1.0.201603142002
2017-02-13 09:32:40,303 - org.eclipse.datatools.sqltools.parsers.sql.query - 1.3.0.201603142002
2017-02-13 09:32:40,303 - org.eclipse.datatools.sqltools.parsers.sql.xml.query - 1.1.0.201603142002
2017-02-13 09:32:40,303 - org.eclipse.datatools.sqltools.parsers.sql - 1.1.0.201603142002
2017-02-13 09:32:40,364 - org.eclipse.mylyn.java.ui - 3.21.0.v20160701-1337
2017-02-13 09:32:40,364 - org.eclipse.mylyn.java.tasks - 3.21.0.v20160701-1337
2017-02-13 09:32:40,364 - org.eclipse.mylyn.ide.ui - 3.21.0.v20160701-1337
2017-02-13 09:32:40,364 - org.eclipse.mylyn.ide.ant - 3.21.0.v20160701-1337
2017-02-13 09:32:40,364 - org.eclipse.mylyn.debug.ui - 3.21.0.v20160701-1337
2017-02-13 09:32:40,377 - org.eclipse.mylyn.team.ui - 3.21.0.v20160701-1337
2017-02-13 09:32:40,383 - org.eclipse.datatools.sqltools.sql - 1.1.0.201603142002
2017-02-13 09:32:40,383 - org.eclipse.datatools.sqltools.common.ui - 1.1.0.201603142002
2017-02-13 09:32:40,383 - org.eclipse.datatools.sqltools.plan - 1.1.0.201603142002
2017-02-13 09:32:40,383 - org.eclipse.datatools.sqltools.editor.core - 1.1.0.201603142002
2017-02-13 09:32:40,383 - org.eclipse.datatools.sqltools.sqleditor - 1.1.0.201603142002
2017-02-13 09:32:40,383 - org.eclipse.datatools.sqltools.ddlgen.ui - 1.1.0.201603142002
2017-02-13 09:32:40,383 - org.eclipse.datatools.connectivity.db.generic - 1.1.0.201603142002
2017-02-13 09:32:40,383 - org.eclipse.datatools.sqltools.editor.core.ui - 1.1.0.201603142002
2017-02-13 09:32:40,383 - org.eclipse.datatools.sqltools.sql.ui - 1.1.0.201603142002
2017-02-13 09:32:40,387 - org.eclipse.emf.common.ui - 2.11.0.v20160526-0356
2017-02-13 09:32:40,393 - org.eclipse.mylyn.commons.repositories.core - 1.13.0.v20160630-1702
2017-02-13 09:32:40,393 - org.eclipse.mylyn.commons.repositories.ui - 1.13.0.v20160630-1702
2017-02-13 09:32:40,397 - org.eclipse.sequoyah.device.common.utilities - 2.1.0.N20120718-0509
2017-02-13 09:32:40,401 - org.eclipse.andmore.android.common - 0.5.0.201605181018
2017-02-13 09:32:40,402 - org.eclipse.andmore.android.codeutils - 0.5.0.201605181018
2017-02-13 09:32:40,402 - org.eclipse.andmore.android.translation - 0.5.0.201605181018
2017-02-13 09:32:40,402 - org.eclipse.andmore.android.codesnippets - 0.5.0.201605181018
2017-02-13 09:32:40,402 - org.eclipse.andmore.android.db.core - 0.5.0.201605181018
2017-02-13 09:32:40,402 - org.eclipse.andmore.android.logger - 0.5.0.201605181018
2017-02-13 09:32:40,402 - org.eclipse.andmore.android - 0.5.0.201605181018
2017-02-13 09:32:40,402 - org.eclipse.andmore.android.emulator - 0.5.0.201605181018
2017-02-13 09:32:40,402 - org.eclipse.andmore.android.launch - 0.5.0.201605181018
2017-02-13 09:32:40,402 - org.eclipse.andmore.android.packaging.ui - 0.5.0.201605181018
2017-02-13 09:32:40,402 - org.eclipse.andmore.android.handset - 0.5.0.201605181018
2017-02-13 09:32:40,402 - org.eclipse.andmore.android.remote - 0.5.0.201605181018
2017-02-13 09:32:40,402 - org.eclipse.andmore.android.win32.x86_64 - 0.5.0.201605181018
2017-02-13 09:32:40,402 - org.eclipse.andmore.android.mat - 0.5.0.201605181018
2017-02-13 09:32:40,402 - org.eclipse.andmore.android.devices.services - 0.5.0.201605181018
2017-02-13 09:32:40,402 - org.eclipse.andmore.android.db.devices - 0.5.0.201605181018
2017-02-13 09:32:40,402 - org.eclipse.andmore.android.installer - 0.5.0.201605181018
2017-02-13 09:32:40,402 - org.eclipse.andmore.android.logger.collector - 0.5.0.201605181018
2017-02-13 09:32:40,406 - org.eclipse.emf.mapping.ui - 2.7.0.v20160526-0356
2017-02-13 09:32:40,440 - org.eclipse.mylyn.monitor.core - 3.21.0.v20160630-1702
2017-02-13 09:32:40,440 - org.eclipse.mylyn.monitor.ui - 3.21.0.v20160630-1702
2017-02-13 09:32:40,453 - org.eclipse.datatools.connectivity.oda.template.ui - 3.3.0.201603142002
2017-02-13 09:32:40,459 - org.eclipse.sequoyah.vnc.vncviewer - 2.1.0.N20120718-0509
2017-02-13 09:32:40,468 - org.eclipse.emf.codegen.ecore.ui - 2.12.0.v20160526-0356
2017-02-13 09:32:40,476 - org.eclipse.emf.ecore.editor - 2.12.0.v20160526-0356
2017-02-13 09:32:40,482 - org.eclipse.epp.package.android - 4.6.2.20161208-0625
2017-02-13 09:32:40,486 - org.eclipse.mylyn.builds.core - 1.13.0.v20160704-1634
2017-02-13 09:32:40,486 - org.eclipse.mylyn.builds.ui - 1.13.0.v20160725-1817
2017-02-13 09:32:40,498 - org.eclipse.mylyn.context.core - 3.21.0.v20160701-1337
2017-02-13 09:32:40,498 - org.eclipse.mylyn.context.ui - 3.21.0.v20160701-1337
2017-02-13 09:32:40,498 - org.eclipse.mylyn.resources.ui - 3.21.0.v20160701-1337
2017-02-13 09:32:40,498 - org.eclipse.mylyn.context.tasks.ui - 3.21.0.v20160815-2336
2017-02-13 09:32:40,554 - org.eclipse.emf.databinding - 1.3.0.v20160526-0356
2017-02-13 09:32:40,558 - org.eclipse.datatools.connectivity.sqm.core.ui - 1.3.0.201603142002
2017-02-13 09:32:40,558 - org.eclipse.datatools.connectivity.sqm.core - 1.3.0.201603142002
2017-02-13 09:32:40,558 - org.eclipse.datatools.connectivity.sqm.server.ui - 1.2.0.201603142002
2017-02-13 09:32:40,558 - org.eclipse.datatools.connectivity.ui.dse - 1.2.0.201603142002
2017-02-13 09:32:40,558 - org.eclipse.datatools.connectivity.ui - 1.3.0.201603142002
2017-02-13 09:32:40,558 - org.eclipse.datatools.connectivity - 1.13.0.201603142002
2017-02-13 09:32:40,558 - org.eclipse.datatools.help - 1.6.0.201603142002
2017-02-13 09:32:40,558 - org.eclipse.datatools.connectivity.console.profile - 1.1.0.201603142002
2017-02-13 09:32:40,564 - org.eclipse.oomph.setup - 1.6.0.v20161125-0947
2017-02-13 09:32:40,564 - org.eclipse.oomph.setup.edit - 1.6.0.v20161125-0947
2017-02-13 09:32:40,564 - org.eclipse.oomph.setup.core - 1.6.0.v20161128-0928
2017-02-13 09:32:40,564 - org.eclipse.oomph.setup.sync - 1.6.0.v20161019-0656
2017-02-13 09:32:40,564 - org.eclipse.oomph.setup.p2 - 1.6.0.v20161019-0656
2017-02-13 09:32:40,564 - org.eclipse.oomph.setup.p2.edit - 1.6.0.v20161019-0656
2017-02-13 09:32:40,564 - org.eclipse.oomph.preferences - 1.6.0.v20161019-0656
2017-02-13 09:32:40,566 - org.eclipse.oomph.jreinfo - 1.6.0.v20161019-0656
2017-02-13 09:32:40,566 - org.eclipse.oomph.jreinfo.win32.x86_64 - 1.2.0.v20160426-0508
2017-02-13 09:32:40,567 - org.eclipse.oomph.extractor.lib - 1.3.0.v20161116-0647
2017-02-13 09:32:40,567 - org.apache.commons.logging - 1.1.1.v201101211721
2017-02-13 09:32:40,567 - org.apache.commons.codec - 1.6.0.v201305230611
2017-02-13 09:32:40,567 - org.apache.httpcomponents.httpclient - 4.3.6.v201511171540
2017-02-13 09:32:40,567 - org.apache.httpcomponents.httpcore - 4.3.3.v201411290715
2017-02-13 09:32:40,567 - org.eclipse.userstorage - 1.0.0.v20160524-0709
2017-02-13 09:32:40,567 - org.eclipse.userstorage.ui - 1.0.0.v20151216-0912
2017-02-13 09:37:57,724 - os.name - Windows 10
2017-02-13 09:37:57,725 - os.arch - amd64
2017-02-13 09:37:57,725 - os.version - 10.0
2017-02-13 09:37:57,725 - java.version - 1.8.0_121
2017-02-13 09:37:57,725 - java.vendor - Oracle Corporation
2017-02-13 09:37:57,725 - java.vendor.url - http://java.oracle.com/
2017-02-13 09:37:57,725 - java.home - C:\Program Files\Java\jre1.8.0_121
2017-02-13 09:37:57,725 - java.vm.specification.name - Java Virtual Machine Specification
2017-02-13 09:37:57,725 - java.vm.specification.vendor - Oracle Corporation
2017-02-13 09:37:57,725 - java.vm.specification.version - 1.8
2017-02-13 09:37:57,725 - java.class.path - E:\New folder\eclipse\\plugins/org.eclipse.equinox.launcher_1.3.201.v20161025-1711.jar
2017-02-13 09:37:57,725 - java.library.path - E:\New folder\eclipse;C:\Windows\Sun\Java\bin;C:\Windows\system32;C:\Windows;C:/Program Files/Java/jre1.8.0_121/bin/server;C:/Program Files/Java/jre1.8.0_121/bin;C:/Program Files/Java/jre1.8.0_121/lib/amd64;C:\ProgramData\Oracle\Java\javapath;C:\Windows\system32;C:\Windows;C:\Windows\System32\Wbem;C:\Windows\System32\WindowsPowerShell\v1.0\;C:\Program Files (x86)\Windows Kits\8.1\Windows Performance Toolkit\;C:\Program Files\Microsoft SQL Server\130\Tools\Binn\;C:\Program Files\Microsoft\Web Platform Installer\;C:\Program Files\dotnet\;C:\Program Files\Microsoft SQL Server\Client SDK\ODBC\110\Tools\Binn\;C:\Program Files (x86)\Microsoft SQL Server\120\Tools\Binn\;C:\Program Files\Microsoft SQL Server\120\Tools\Binn\;C:\Program Files\Microsoft SQL Server\120\DTS\Binn\;C:\Program Files (x86)\Microsoft SQL Server\120\Tools\Binn\ManagementStudio\;C:\Program Files (x86)\Microsoft SQL Server\120\DTS\Binn\;E:\Program Files (x86)\Brackets\command;C:\Users\thang\AppData\Local\Microsoft\WindowsApps;;E:\New folder\eclipse;;.
2017-02-13 09:37:57,725 - --------------------------------------
2017-02-13 09:37:57,725 - ## Eclipse Plug-ins Log Information ##
2017-02-13 09:37:57,725 - --------------------------------------
2017-02-13 09:37:58,022 - javax.el - 2.2.0.v201303151357
2017-02-13 09:37:58,024 - javax.servlet - 3.1.0.v201410161800
2017-02-13 09:37:58,025 - javax.servlet.jsp - 2.2.0.v201112011158
2017-02-13 09:37:58,026 - com.sun.el - 2.2.0.v201303151357
2017-02-13 09:37:58,027 - org.apache.commons.logging - 1.1.1.v201101211721
2017-02-13 09:37:58,028 - org.apache.jasper.glassfish - 2.2.2.v201501141630
2017-02-13 09:37:58,033 - org.apache.lucene.analysis - 3.5.0.v20120725-1805
2017-02-13 09:37:58,038 - org.apache.lucene.core - 3.5.0.v20120725-1805
2017-02-13 09:37:58,039 - org.eclipse.equinox.http.jetty - 3.3.0.v20160324-1850
2017-02-13 09:37:58,039 - org.eclipse.equinox.http.registry - 1.1.400.v20150715-1528
2017-02-13 09:37:58,041 - org.eclipse.equinox.http.servlet - 1.3.1.v20160808-1329
2017-02-13 09:37:58,042 - org.eclipse.equinox.jsp.jasper - 1.0.500.v20150119-1358
2017-02-13 09:37:58,043 - org.eclipse.equinox.jsp.jasper.registry - 1.0.300.v20130327-1442
2017-02-13 09:37:58,043 - org.eclipse.help.base - 4.1.1.v20161124-1400
2017-02-13 09:37:58,043 - org.eclipse.help.ui - 4.0.200.v20160510-0758
2017-02-13 09:37:58,043 - org.eclipse.help.webapp - 3.8.0.v20160504-0839
2017-02-13 09:37:58,045 - org.eclipse.jetty.continuation - 9.3.9.v20160517
2017-02-13 09:37:58,046 - org.eclipse.jetty.http - 9.3.9.v20160517
2017-02-13 09:37:58,048 - org.eclipse.jetty.io - 9.3.9.v20160517
2017-02-13 09:37:58,049 - org.eclipse.jetty.security - 9.3.9.v20160517
2017-02-13 09:37:58,051 - org.eclipse.jetty.server - 9.3.9.v20160517
2017-02-13 09:37:58,053 - org.eclipse.jetty.servlet - 9.3.9.v20160517
2017-02-13 09:37:58,055 - org.eclipse.jetty.util - 9.3.9.v20160517
2017-02-13 09:37:58,055 - org.eclipse.core.net - 1.3.0.v20160418-1534
2017-02-13 09:37:58,055 - org.eclipse.equinox.security - 1.2.200.v20150715-1528
2017-02-13 09:37:58,129 - org.eclipse.mylyn.bugzilla.core - 3.21.0.v20160909-1813
2017-02-13 09:37:58,129 - org.eclipse.mylyn.bugzilla.ui - 3.21.0.v20160909-1813
2017-02-13 09:37:58,242 - org.eclipse.andmore.hierarchyviewer - 0.5.0.201605181018
2017-02-13 09:37:58,342 - org.eclipse.sequoyah.device.backward - 2.1.0.N20120718-0509
2017-02-13 09:37:58,342 - org.eclipse.sequoyah.device.framework - 2.1.0.N20120718-0509
2017-02-13 09:37:58,342 - org.eclipse.sequoyah.device.framework.ui - 2.1.0.N20120718-0509
2017-02-13 09:37:58,342 - org.eclipse.sequoyah.device.service.start - 2.1.0.N20120718-0509
2017-02-13 09:37:58,342 - org.eclipse.sequoyah.device.service.stop - 2.1.0.N20120718-0509
2017-02-13 09:37:58,342 - org.eclipse.sequoyah.device.framework.wizard - 2.1.0.N20120718-0509
2017-02-13 09:37:58,365 - org.eclipse.buildship.core - 1.0.21.v20161010-1640
2017-02-13 09:37:58,365 - org.eclipse.buildship.ui - 1.0.21.v20161010-1640
2017-02-13 09:37:58,365 - org.eclipse.buildship.branding - 1.0.21.v20161010-1640
2017-02-13 09:37:58,366 - org.eclipse.buildship.stsmigration - 1.0.21.v20161010-1640
2017-02-13 09:37:58,527 - org.eclipse.mylyn.tasks.core - 3.21.0.v20160914-0252
2017-02-13 09:37:58,532 - org.eclipse.mylyn.tasks.index.core - 3.21.0.v20160630-2019
2017-02-13 09:37:58,533 - org.eclipse.mylyn.tasks.index.ui - 3.21.0.v20160630-2019
2017-02-13 09:37:58,533 - org.eclipse.mylyn.tasks.search - 3.21.0.v20160630-2019
2017-02-13 09:37:58,533 - org.eclipse.mylyn.tasks.ui - 3.21.0.v20160913-2131
2017-02-13 09:37:58,627 - org.eclipse.egit.core - 4.4.1.201607150455-r
2017-02-13 09:37:58,627 - org.eclipse.egit.ui - 4.4.1.201607150455-r
2017-02-13 09:37:58,627 - org.eclipse.egit - 4.4.1.201607150455-r
2017-02-13 09:37:58,627 - org.eclipse.egit.doc - 4.4.1.201607150455-r
2017-02-13 09:37:58,673 - org.eclipse.aether.maven - 3.1.0.v20140706-2237
2017-02-13 09:37:58,706 - org.eclipse.gef - 3.11.0.201606061308
2017-02-13 09:37:58,744 - org.eclipse.mylyn.commons.identity.core - 1.13.0.v20160630-1702
2017-02-13 09:37:58,821 - org.eclipse.oomph.p2 - 1.6.0.v20161019-0656
2017-02-13 09:37:58,821 - org.eclipse.oomph.p2.core - 1.6.0.v20161111-1110
2017-02-13 09:37:58,821 - org.eclipse.oomph.p2.edit - 1.6.0.v20161019-0656
2017-02-13 09:37:58,821 - org.eclipse.oomph.p2.ui - 1.6.0.v20161128-0924
2017-02-13 09:37:58,822 - org.eclipse.oomph.p2.doc - 1.6.0.v20161019-0656
2017-02-13 09:37:58,935 - org.eclipse.datatools.enablement.sqlite - 1.1.0.201603142002
2017-02-13 09:37:58,935 - org.eclipse.datatools.enablement.sqlite.dbdefinition - 1.1.0.201603142002
2017-02-13 09:37:58,935 - org.eclipse.datatools.enablement.sqlite.ui - 1.1.0.201603142002
2017-02-13 09:37:58,935 - org.eclipse.datatools.enablement.finfo - 1.6.0.201603142002
2017-02-13 09:37:59,039 - org.eclipse.emf.codegen.ui - 2.6.0.v20160526-0356
2017-02-13 09:37:59,077 - org.eclipse.mylyn.commons.notifications.core - 1.13.0.v20160630-1702
2017-02-13 09:37:59,081 - org.eclipse.mylyn.commons.notifications.feed - 1.13.0.v20160721-2347
2017-02-13 09:37:59,081 - org.eclipse.mylyn.commons.notifications.ui - 1.13.0.v20160630-1702
2017-02-13 09:37:59,163 - org.eclipse.emf.converter - 2.7.0.v20160526-0356
2017-02-13 09:37:59,164 - org.eclipse.emf.importer - 2.9.0.v20160526-0356
2017-02-13 09:37:59,164 - org.eclipse.emf.exporter - 2.7.0.v20160526-0356
2017-02-13 09:37:59,164 - org.eclipse.emf.importer.ecore - 2.8.0.v20160526-0356
2017-02-13 09:37:59,164 - org.eclipse.emf.importer.java - 2.7.0.v20160526-0356
2017-02-13 09:37:59,164 - org.eclipse.emf.importer.rose - 2.8.0.v20160526-0356
2017-02-13 09:37:59,467 - org.eclipse.emf.edit.ui - 2.12.0.v20160526-0356
2017-02-13 09:37:59,928 - org.eclipse.help - 3.7.0.v20160602-1307
2017-02-13 09:37:59,928 - org.eclipse.ui - 3.108.1.v20160929-1045
2017-02-13 09:37:59,929 - org.eclipse.ui.workbench - 3.108.2.v20161025-2029
2017-02-13 09:37:59,929 - org.eclipse.update.configurator - 3.3.400.v20160506-0750
2017-02-13 09:37:59,929 - org.eclipse.rcp - 4.6.2.v20161124-1400
2017-02-13 09:38:00,000 - org.eclipse.recommenders.rcp - 2.4.5.v20161130-1427
2017-02-13 09:38:00,002 - org.eclipse.recommenders.apidocs - 2.4.5.v20161130-1427
2017-02-13 09:38:00,002 - org.eclipse.recommenders.apidocs.rcp - 2.4.5.v20161130-1427
2017-02-13 09:38:00,003 - org.eclipse.recommenders.calls - 2.4.5.v20161130-1427
2017-02-13 09:38:00,003 - org.eclipse.recommenders.calls.rcp - 2.4.5.v20161130-1427
2017-02-13 09:38:00,004 - org.eclipse.recommenders.chain.rcp - 2.4.5.v20161130-1427
2017-02-13 09:38:00,004 - org.eclipse.recommenders.completion.rcp - 2.4.5.v20161130-1427
2017-02-13 09:38:00,005 - org.eclipse.recommenders.constructors - 2.4.5.v20161130-1427
2017-02-13 09:38:00,005 - org.eclipse.recommenders.constructors.rcp - 2.4.5.v20161130-1427
2017-02-13 09:38:00,006 - org.eclipse.recommenders.coordinates - 2.4.5.v20161130-1427
2017-02-13 09:38:00,006 - org.eclipse.recommenders.coordinates.rcp - 2.4.5.v20161130-1427
2017-02-13 09:38:00,006 - org.eclipse.recommenders.injection - 2.4.5.v20161130-1427
2017-02-13 09:38:00,008 - org.eclipse.recommenders.jayes - 2.4.5.v20161130-1427
2017-02-13 09:38:00,009 - org.eclipse.recommenders.jayes.io - 2.4.5.v20161130-1427
2017-02-13 09:38:00,011 - org.eclipse.recommenders.jdt - 2.4.5.v20161130-1427
2017-02-13 09:38:00,013 - org.eclipse.recommenders.models - 2.4.5.v20161130-1427
2017-02-13 09:38:00,013 - org.eclipse.recommenders.models.rcp - 2.4.5.v20161130-1427
2017-02-13 09:38:00,014 - org.eclipse.recommenders.net - 2.4.5.v20161130-1427
2017-02-13 09:38:00,015 - org.eclipse.recommenders.overrides - 2.4.5.v20161130-1427
2017-02-13 09:38:00,015 - org.eclipse.recommenders.overrides.rcp - 2.4.5.v20161130-1427
2017-02-13 09:38:00,015 - org.eclipse.recommenders.subwords.rcp - 2.4.5.v20161130-1427
2017-02-13 09:38:00,015 - org.eclipse.recommenders.types.rcp - 2.4.5.v20161130-1427
2017-02-13 09:38:00,016 - org.eclipse.recommenders.utils - 2.4.5.v20161130-1427
2017-02-13 09:38:00,016 - org.eclipse.recommenders.utils.rcp - 2.4.5.v20161130-1427
2017-02-13 09:38:00,090 - org.eclipse.mylyn.commons.repositories.http.core - 1.13.0.v20160630-1702
2017-02-13 09:38:00,210 - org.eclipse.datatools.connectivity.oda.design.ui - 3.3.0.201603142002
2017-02-13 09:38:00,210 - org.eclipse.datatools.connectivity.ui.dse - 1.2.0.201603142002
2017-02-13 09:38:00,210 - org.eclipse.datatools.connectivity.ui - 1.3.0.201603142002
2017-02-13 09:38:00,210 - org.eclipse.datatools.connectivity.sqm.core - 1.3.0.201603142002
2017-02-13 09:38:00,210 - org.eclipse.datatools.help - 1.6.0.201603142002
2017-02-13 09:38:00,223 - com.android.ide.eclipse.traceview - 23.0.7.2120684
2017-02-13 09:38:00,366 - org.eclipse.jdt - 3.12.2.v20161124-1400
2017-02-13 09:38:00,367 - org.eclipse.ant.ui - 3.6.201.v20161115-1135
2017-02-13 09:38:00,367 - org.eclipse.jdt.apt.core - 3.4.100.v20160525-0952
2017-02-13 09:38:00,367 - org.eclipse.jdt.apt.ui - 3.4.100.v20160418-1457
2017-02-13 09:38:00,367 - org.eclipse.jdt.apt.pluggable.core - 1.1.100.v20160418-1457
2017-02-13 09:38:00,369 - org.eclipse.jdt.compiler.apt - 1.2.100.v20160418-1457
2017-02-13 09:38:00,369 - org.eclipse.jdt.compiler.tool - 1.1.100.v20160418-1457
2017-02-13 09:38:00,373 - org.eclipse.jdt.core - 3.12.2.v20161117-1814
2017-02-13 09:38:00,376 - org.eclipse.jdt.annotation - 2.1.0.v20160418-1457
2017-02-13 09:38:00,376 - org.eclipse.jdt.annotation - 2.1.0.v20160418-1457
2017-02-13 09:38:00,376 - org.eclipse.jdt.core.manipulation - 1.7.0.v20160419-0705
2017-02-13 09:38:00,376 - org.eclipse.jdt.debug.ui - 3.7.201.v20160811-0450
2017-02-13 09:38:00,376 - org.eclipse.jdt.debug - 3.10.1.v20160811-0441
2017-02-13 09:38:00,376 - org.eclipse.jdt.junit - 3.9.0.v20160421-1701
2017-02-13 09:38:00,376 - org.eclipse.jdt.junit.core - 3.8.0.v20160421-1701
2017-02-13 09:38:00,377 - org.eclipse.jdt.junit.runtime - 3.4.600.v20160505-0715
2017-02-13 09:38:00,378 - org.eclipse.jdt.junit4.runtime - 1.1.600.v20160505-0715
2017-02-13 09:38:00,378 - org.eclipse.jdt.launching - 3.8.101.v20161111-2014
2017-02-13 09:38:00,378 - org.eclipse.jdt.ui - 3.12.2.v20160929-0804
2017-02-13 09:38:00,554 - org.junit - 4.12.0.v201504281640
2017-02-13 09:38:00,555 - org.hamcrest.core - 1.3.0.v201303031735
2017-02-13 09:38:00,555 - org.eclipse.jdt.doc.user - 3.12.1.v20160727-2009
2017-02-13 09:38:00,555 - org.eclipse.ant.launching - 1.1.201.v20161115-1135
2017-02-13 09:38:00,743 - org.eclipse.emf.common - 2.12.0.v20160420-0247
2017-02-13 09:38:00,917 - org.eclipse.sequoyah.vnc.vncviewer.vncviews - 2.1.0.N20120718-0509
2017-02-13 09:38:01,089 - org.eclipse.egit.mylyn.ui - 4.4.1.201607150455-r
2017-02-13 09:38:01,228 - org.eclipse.datatools.sqltools.common.ui - 1.1.0.201603142002
2017-02-13 09:38:01,228 - org.eclipse.datatools.sqltools.debugger.core - 1.1.0.201603142002
2017-02-13 09:38:01,228 - org.eclipse.datatools.sqltools.editor.core - 1.1.0.201603142002
2017-02-13 09:38:01,228 - org.eclipse.datatools.sqltools.plan - 1.1.0.201603142002
2017-02-13 09:38:01,228 - org.eclipse.datatools.sqltools.routineeditor - 1.1.0.201603142002
2017-02-13 09:38:01,229 - org.eclipse.datatools.sqltools.sql - 1.1.0.201603142002
2017-02-13 09:38:01,231 - org.eclipse.datatools.sqltools.sqleditor - 1.1.0.201603142002
2017-02-13 09:38:01,231 - org.eclipse.datatools.sqltools.sqlscrapbook - 1.1.0.201603142002
2017-02-13 09:38:01,231 - org.eclipse.datatools.help - 1.6.0.201603142002
2017-02-13 09:38:01,231 - org.eclipse.datatools.sqltools.db.generic - 1.1.0.201603142002
2017-02-13 09:38:01,231 - org.eclipse.datatools.sqltools.debugger.core.ui - 1.1.0.201603142002
2017-02-13 09:38:01,231 - org.eclipse.datatools.sqltools.editor.core.ui - 1.1.0.201603142002
2017-02-13 09:38:01,231 - org.eclipse.datatools.sqltools.result.ui - 1.2.0.201603142002
2017-02-13 09:38:01,231 - org.eclipse.datatools.sqltools.routineeditor.ui - 1.1.0.201603142002
2017-02-13 09:38:01,231 - org.eclipse.datatools.sqltools.sql.ui - 1.1.0.201603142002
2017-02-13 09:38:01,302 - org.objectweb.asm - 5.0.1.v201404251740
2017-02-13 09:38:01,302 - org.eclipse.andmore - 0.5.0.201605181018
2017-02-13 09:38:01,302 - org.eclipse.andmore.base - 0.5.0.201605181018
2017-02-13 09:38:01,302 - org.eclipse.andmore.ddms - 0.5.0.201605181018
2017-02-13 09:38:01,302 - org.eclipse.andmore.overlay - 0.5.0.201605181018
2017-02-13 09:38:01,318 - org.apache.commons.codec - 1.6.0.v201305230611
2017-02-13 09:38:01,321 - org.apache.commons.compress - 1.6.0.v201310281400
2017-02-13 09:38:01,324 - org.apache.httpcomponents.httpclient - 4.3.6.v201511171540
2017-02-13 09:38:01,328 - org.apache.httpcomponents.httpcore - 4.3.3.v201411290715
2017-02-13 09:38:01,406 - com.android.ide.eclipse.base - 23.0.7.2120684
2017-02-13 09:38:01,406 - com.android.ide.eclipse.ddms - 23.0.7.2120684
2017-02-13 09:38:01,643 - org.eclipse.datatools.modelbase.dbdefinition - 1.1.0.201603142002
2017-02-13 09:38:01,643 - org.eclipse.datatools.modelbase.sql.edit - 1.1.0.201603142002
2017-02-13 09:38:01,643 - org.eclipse.datatools.modelbase.sql.query - 1.2.0.201603142002
2017-02-13 09:38:01,644 - org.eclipse.datatools.modelbase.sql.query.edit - 1.1.0.201603142002
2017-02-13 09:38:01,644 - org.eclipse.datatools.modelbase.sql.xml.query - 1.1.0.201603142002
2017-02-13 09:38:01,645 - org.eclipse.datatools.modelbase.sql - 1.1.0.201603142002
2017-02-13 09:38:01,705 - org.eclipse.emf.mapping - 2.9.0.v20160526-0356
2017-02-13 09:38:01,783 - org.eclipse.oomph.setup.editor - 1.6.0.v20161125-1207
2017-02-13 09:38:01,783 - org.eclipse.oomph.setup.ui - 1.6.0.v20161128-0851
2017-02-13 09:38:01,783 - org.eclipse.oomph.setup.doc - 1.6.0.v20161019-0656
2017-02-13 09:38:01,784 - org.eclipse.oomph.setup.ui.questionnaire - 1.6.0.v20161019-0656
2017-02-13 09:38:01,784 - org.eclipse.oomph.jreinfo.ui - 1.6.0.v20161019-0656
2017-02-13 09:38:01,832 - org.eclipse.emf.ecore - 2.12.0.v20160420-0247
2017-02-13 09:38:01,832 - org.eclipse.emf.ecore.change - 2.11.0.v20160420-0247
2017-02-13 09:38:01,832 - org.eclipse.emf.ecore.xmi - 2.12.0.v20160420-0247
2017-02-13 09:38:01,934 - org.eclipse.jgit - 4.4.1.201607150455-r
2017-02-13 09:38:01,936 - org.eclipse.jgit.archive - 4.4.1.201607150455-r
2017-02-13 09:38:01,938 - com.jcraft.jsch - 0.1.53.v201508180515
2017-02-13 09:38:01,974 - javaewah - 0.7.9.v201605172130
2017-02-13 09:38:01,974 - org.apache.commons.compress - 1.6.0.v201310281400
2017-02-13 09:38:01,988 - org.slf4j.api - 1.7.2.v20121108-1250
2017-02-13 09:38:01,988 - org.slf4j.impl.log4j12 - 1.7.2.v20131105-2200
2017-02-13 09:38:01,995 - org.apache.log4j - 1.2.15.v201012070815
2017-02-13 09:38:02,065 - org.eclipse.mylyn.wikitext.core - 2.10.1.v20161129-1925
2017-02-13 09:38:02,067 - org.eclipse.mylyn.wikitext.core.ant - 2.10.1.v20161129-1925
2017-02-13 09:38:02,069 - org.eclipse.mylyn.wikitext.core.osgi - 2.10.1.v20161129-1925
2017-02-13 09:38:02,069 - org.eclipse.mylyn.wikitext.textile.core - 2.10.1.v20161129-1925
2017-02-13 09:38:02,070 - org.eclipse.mylyn.wikitext.html.core - 2.10.1.v20161129-1925
2017-02-13 09:38:02,071 - org.eclipse.mylyn.wikitext.markdown.core - 2.10.1.v20161129-1925
2017-02-13 09:38:02,071 - org.eclipse.mylyn.wikitext.mediawiki.core - 2.10.1.v20161129-1925
2017-02-13 09:38:02,072 - org.eclipse.mylyn.wikitext.mediawiki.core.ant - 2.10.1.v20161129-1925
2017-02-13 09:38:02,072 - org.eclipse.mylyn.wikitext.confluence.core - 2.10.1.v20161129-1925
2017-02-13 09:38:02,072 - org.eclipse.mylyn.wikitext.tracwiki.core - 2.10.1.v20161129-1925
2017-02-13 09:38:02,072 - org.eclipse.mylyn.wikitext.twiki.core - 2.10.1.v20161129-1925
2017-02-13 09:38:02,072 - org.eclipse.mylyn.wikitext.ui - 2.10.1.v20161129-1925
2017-02-13 09:38:02,072 - org.eclipse.mylyn.wikitext.help.ui - 2.10.1.v20161129-1925
2017-02-13 09:38:02,072 - org.eclipse.mylyn.wikitext.textile.ui - 2.10.1.v20161129-1925
2017-02-13 09:38:02,073 - org.eclipse.mylyn.wikitext.markdown.ui - 2.10.1.v20161129-1925
2017-02-13 09:38:02,073 - org.eclipse.mylyn.wikitext.mediawiki.ui - 2.10.1.v20161129-1925
2017-02-13 09:38:02,073 - org.eclipse.mylyn.wikitext.confluence.ui - 2.10.1.v20161129-1925
2017-02-13 09:38:02,073 - org.eclipse.mylyn.wikitext.tracwiki.ui - 2.10.1.v20161129-1925
2017-02-13 09:38:02,073 - org.eclipse.mylyn.wikitext.twiki.ui - 2.10.1.v20161129-1925
2017-02-13 09:38:02,073 - org.eclipse.mylyn.wikitext.tasks.ui - 2.10.1.v20161129-1925
2017-02-13 09:38:02,073 - org.eclipse.mylyn.wikitext.context.ui - 2.10.1.v20161129-1925
2017-02-13 09:38:02,073 - org.eclipse.mylyn.wikitext.asciidoc.core - 2.10.1.v20161129-1925
2017-02-13 09:38:02,073 - org.eclipse.mylyn.wikitext.asciidoc.ui - 2.10.1.v20161129-1925
2017-02-13 09:38:02,113 - org.eclipse.emf.mapping.ecore.editor - 2.6.0.v20160526-0356
2017-02-13 09:38:02,114 - org.eclipse.emf.mapping.ecore2ecore.editor - 2.7.0.v20160526-0356
2017-02-13 09:38:02,114 - org.eclipse.emf.mapping.ecore2xml.ui - 2.8.0.v20160526-0356
2017-02-13 09:38:02,137 - com.android.ide.eclipse.adt - 23.0.7.2120684
2017-02-13 09:38:02,137 - overlay.com.android.ide.eclipse.adt.overlay - 23.0.7.2120684
2017-02-13 09:38:02,224 - org.eclipse.recommenders.mylyn.rcp - 2.4.5.v20161130-1427
2017-02-13 09:38:02,356 - org.apache.ant - 1.9.6.v201510161327
2017-02-13 09:38:02,356 - org.eclipse.ant.core - 3.4.100.v20160505-0642
2017-02-13 09:38:02,356 - com.jcraft.jsch - 0.1.53.v201508180515
2017-02-13 09:38:02,358 - org.eclipse.compare.core - 3.6.0.v20160418-1534
2017-02-13 09:38:02,358 - org.eclipse.compare - 3.7.0.v20161024-1724
2017-02-13 09:38:02,359 - org.eclipse.compare.win32 - 1.1.0.v20160418-1534
2017-02-13 09:38:02,359 - org.eclipse.core.filebuffers - 3.6.0.v20160503-1849
2017-02-13 09:38:02,359 - org.eclipse.core.filesystem - 1.6.1.v20161113-2349
2017-02-13 09:38:02,359 - org.eclipse.core.net - 1.3.0.v20160418-1534
2017-02-13 09:38:02,363 - org.eclipse.core.net.win32.x86_64 - 1.1.0.v20160323-1650
2017-02-13 09:38:02,363 - org.eclipse.core.resources - 3.11.1.v20161107-2032
2017-02-13 09:38:02,364 - org.eclipse.osgi.util - 3.3.100.v20150423-1351
2017-02-13 09:38:02,364 - org.eclipse.debug.core - 3.10.100.v20160419-1720
2017-02-13 09:38:02,365 - org.eclipse.debug.ui - 3.11.202.v20161114-0338
2017-02-13 09:38:02,367 - org.eclipse.equinox.event - 1.3.200.v20160324-1850
2017-02-13 09:38:02,367 - org.eclipse.ltk.core.refactoring - 3.7.0.v20160419-0705
2017-02-13 09:38:02,367 - org.eclipse.ltk.ui.refactoring - 3.8.0.v20160518-1817
2017-02-13 09:38:02,368 - org.eclipse.platform - 4.6.2.v20161124-1400
2017-02-13 09:38:02,368 - org.eclipse.platform.doc.user - 4.6.1.v20160727-2009
2017-02-13 09:38:02,368 - org.eclipse.search - 3.11.1.v20161113-1700
2017-02-13 09:38:02,368 - org.eclipse.team.core - 3.8.0.v20160418-1534
2017-02-13 09:38:02,368 - org.eclipse.team.ui - 3.8.0.v20160518-1906
2017-02-13 09:38:02,369 - org.eclipse.text - 3.6.0.v20160503-1849
2017-02-13 09:38:02,370 - org.eclipse.jface.text - 3.11.2.v20161113-1700
2017-02-13 09:38:02,370 - org.eclipse.jsch.core - 1.3.0.v20160422-1917
2017-02-13 09:38:02,371 - org.eclipse.jsch.ui - 1.3.0.v20160323-1650
2017-02-13 09:38:02,371 - org.eclipse.ui.console - 3.6.201.v20161107-0337
2017-02-13 09:38:02,371 - org.eclipse.ui.intro - 3.5.2.v20161116-1147
2017-02-13 09:38:02,372 - org.eclipse.ui.intro.universal - 3.3.1.v20160829-1558
2017-02-13 09:38:02,372 - org.eclipse.ui.cheatsheets - 3.5.0.v20160504-0839
2017-02-13 09:38:02,372 - org.eclipse.ui.browser - 3.5.2.v20161114-0210
2017-02-13 09:38:02,372 - org.eclipse.ui.monitoring - 1.1.1.v20161028-1850
2017-02-13 09:38:02,372 - org.eclipse.ui.navigator - 3.6.101.v20161006-1120
2017-02-13 09:38:02,372 - org.eclipse.ui.navigator.resources - 3.5.101.v20161006-0640
2017-02-13 09:38:02,373 - org.eclipse.ui.net - 1.3.0.v20160426-1633
2017-02-13 09:38:02,374 - org.eclipse.ui.workbench.texteditor - 3.10.1.v20160818-1626
2017-02-13 09:38:02,376 - org.eclipse.ui.views - 3.8.101.v20160816-1954
2017-02-13 09:38:02,377 - org.eclipse.ui.editors - 3.10.1.v20161106-1856
2017-02-13 09:38:02,378 - org.eclipse.ui.externaltools - 3.3.100.v20160518-1858
2017-02-13 09:38:02,378 - org.eclipse.ui.ide - 3.12.2.v20161115-1450
2017-02-13 09:38:02,378 - org.eclipse.ui.ide.application - 1.1.101.v20160829-0827
2017-02-13 09:38:02,380 - org.eclipse.ui.win32 - 3.3.0.v20160505-1310
2017-02-13 09:38:02,381 - org.eclipse.core.resources.win32.x86_64 - 3.5.0.v20140124-1940
2017-02-13 09:38:02,383 - org.eclipse.core.filesystem.win32.x86_64 - 1.4.0.v20140124-1940
2017-02-13 09:38:02,383 - org.eclipse.core.variables - 3.3.0.v20160419-1720
2017-02-13 09:38:02,384 - org.eclipse.ui.forms - 3.7.0.v20160518-1929
2017-02-13 09:38:02,384 - org.eclipse.ui.views.properties.tabbed - 3.7.0.v20160310-0903
2017-02-13 09:38:02,384 - org.eclipse.equinox.security - 1.2.200.v20150715-1528
2017-02-13 09:38:02,384 - org.eclipse.equinox.security.ui - 1.1.300.v20150803-1225
2017-02-13 09:38:02,384 - org.eclipse.equinox.security.win32.x86_64 - 1.0.100.v20130327-1442
2017-02-13 09:38:02,384 - org.eclipse.core.externaltools - 1.0.400.v20160509-1057
2017-02-13 09:38:02,384 - org.eclipse.ui.themes - 1.1.300.v20161107-1827
2017-02-13 09:38:02,384 - org.eclipse.core.runtime - 3.12.0.v20160606-1342
2017-02-13 09:38:02,384 - org.eclipse.ui.intro.quicklinks - 1.0.0.v20160515-0255
2017-02-13 09:38:02,482 - org.eclipse.mylyn.discovery.core - 3.21.0.v20160729-1739
2017-02-13 09:38:02,482 - org.eclipse.mylyn.discovery.ui - 3.21.0.v20160630-1702
2017-02-13 09:38:02,572 - org.eclipse.emf.ecore.edit - 2.9.0.v20160526-0356
2017-02-13 09:38:02,572 - org.eclipse.emf.ecore.change.edit - 2.6.0.v20160526-0356
2017-02-13 09:38:02,618 - org.eclipse.sequoyah.vnc.protocol - 2.1.0.N20120718-0509
2017-02-13 09:38:02,676 - org.eclipse.mylyn.versions.core - 1.13.0.v20160630-2022
2017-02-13 09:38:02,676 - org.eclipse.mylyn.versions.ui - 1.13.0.v20160630-2022
2017-02-13 09:38:02,714 - org.eclipse.emf.mapping.ecore - 2.6.0.v20160526-0356
2017-02-13 09:38:02,714 - org.eclipse.emf.mapping.ecore2ecore - 2.9.0.v20160526-0356
2017-02-13 09:38:02,714 - org.eclipse.emf.mapping.ecore2xml - 2.9.0.v20160526-0356
2017-02-13 09:38:02,767 - org.eclipse.andmore.traceview - 0.5.0.201605181018
2017-02-13 09:38:02,806 - org.eclipse.sequoyah.localization.android - 2.1.0.N20120718-0509
2017-02-13 09:38:02,806 - org.eclipse.sequoyah.localization.android.help - 2.1.1.N20120718-0509
2017-02-13 09:38:02,850 - org.eclipse.m2e.logback.configuration - 1.7.0.20160603-1933
2017-02-13 09:38:02,852 - org.eclipse.m2e.logback.appender - 1.7.0.20160603-1933
2017-02-13 09:38:02,894 - org.eclipse.emf.codegen - 2.11.0.v20160526-0356
2017-02-13 09:38:02,938 - org.eclipse.wst.dtd.ui - 1.0.801.v201308100602
2017-02-13 09:38:02,938 - org.eclipse.wst.dtd.ui.infopop - 1.0.400.v201309112106
2017-02-13 09:38:02,938 - org.eclipse.wst.sse.ui.infopop - 1.0.300.v201309112106
2017-02-13 09:38:02,938 - org.eclipse.wst.xml.ui.infopop - 1.0.400.v201309112106
2017-02-13 09:38:02,938 - org.eclipse.wst.sse.ui - 1.3.500.v201605120129
2017-02-13 09:38:02,938 - org.eclipse.wst.xml.ui - 1.1.700.v201604272318
2017-02-13 09:38:02,938 - org.eclipse.wst.xsd.ui - 1.2.600.v201511240159
2017-02-13 09:38:02,976 - org.eclipse.emf - 2.6.0.v20160526-0356
2017-02-13 09:38:03,011 - org.eclipse.datatools.doc.user - 1.7.0.20090521092446
2017-02-13 09:38:03,012 - org.eclipse.datatools.oda.cshelp - 1.2.0.201603142002
2017-02-13 09:38:03,012 - org.eclipse.datatools.help - 1.6.0.201603142002
2017-02-13 09:38:03,067 - org.eclipse.mylyn.tasks.bugs - 3.21.0.v20160929-1805
2017-02-13 09:38:03,068 - org.eclipse.mylyn.help.ui - 3.21.0.v20160913-2013
2017-02-13 09:38:03,111 - org.eclipse.draw2d - 3.10.100.201606061308
2017-02-13 09:38:03,179 - org.eclipse.emf.edit - 2.12.0.v20160526-0356
2017-02-13 09:38:03,216 - org.eclipse.mylyn.commons.core - 3.21.0.v20160707-1856
2017-02-13 09:38:03,217 - org.eclipse.mylyn.commons.screenshots - 3.21.0.v20160630-1702
2017-02-13 09:38:03,218 - org.eclipse.mylyn.commons.ui - 3.21.0.v20160630-1702
2017-02-13 09:38:03,218 - org.eclipse.mylyn.commons.workbench - 3.21.0.v20160630-1702
2017-02-13 09:38:03,262 - org.eclipse.mylyn.bugzilla.ide - 3.21.0.v20160912-1820
2017-02-13 09:38:03,262 - org.eclipse.mylyn.ide.ui - 3.21.0.v20160701-1337
2017-02-13 09:38:03,309 - org.eclipse.emf.databinding.edit - 1.3.0.v20160526-0356
2017-02-13 09:38:03,348 - org.eclipse.emf.codegen.ecore - 2.12.0.v20160526-0356
2017-02-13 09:38:03,348 - org.eclipse.emf.ant - 2.8.0.v20160526-0356
2017-02-13 09:38:03,415 - org.eclipse.m2e.archetype.common - 1.7.0.20160603-1931
2017-02-13 09:38:03,428 - org.eclipse.m2e.maven.indexer - 1.7.0.20160603-1931
2017-02-13 09:38:03,428 - org.eclipse.m2e.model.edit - 1.7.0.20160603-1933
2017-02-13 09:38:03,428 - org.eclipse.m2e.core - 1.7.0.20160603-1933
2017-02-13 09:38:03,428 - org.eclipse.m2e.launching - 1.7.0.20160603-1933
2017-02-13 09:38:03,429 - org.eclipse.m2e.workspace.cli - 0.3.1
2017-02-13 09:38:03,429 - org.eclipse.m2e.jdt - 1.7.0.20160603-1933
2017-02-13 09:38:03,429 - org.eclipse.m2e.editor - 1.7.0.20160603-1933
2017-02-13 09:38:03,430 - org.eclipse.m2e.editor.xml - 1.7.0.20160603-1933
2017-02-13 09:38:03,479 - org.eclipse.m2e.maven.runtime - 1.7.0.20160603-1931
2017-02-13 09:38:03,491 - org.eclipse.m2e.maven.runtime.slf4j.simple - 1.7.0.20160603-1931
2017-02-13 09:38:03,491 - org.eclipse.m2e.refactoring - 1.7.0.20160603-1933
2017-02-13 09:38:03,492 - org.eclipse.m2e.lifecyclemapping.defaults - 1.7.0.20160603-1933
2017-02-13 09:38:03,492 - org.eclipse.m2e.discovery - 1.7.0.20160603-1933
2017-02-13 09:38:03,492 - org.eclipse.m2e.core.ui - 1.7.0.20160603-1933
2017-02-13 09:38:03,493 - org.eclipse.m2e.scm - 1.7.0.20160603-1933
2017-02-13 09:38:03,493 - org.eclipse.m2e.jdt.ui - 1.7.0.20160603-1933
2017-02-13 09:38:03,493 - org.eclipse.m2e.profiles.core - 1.7.0.20160603-1933
2017-02-13 09:38:03,493 - org.eclipse.m2e.profiles.ui - 1.7.0.20160603-1933
2017-02-13 09:38:03,493 - org.eclipse.m2e.importer - 1.7.0.20160603-1933
2017-02-13 09:38:03,546 - org.eclipse.andmore.ndk - 0.5.0.201605181018
2017-02-13 09:38:03,572 - org.eclipse.andmore.gldebugger - 0.5.0.201605181018
2017-02-13 09:38:03,608 - org.eclipse.mylyn.hudson.core - 1.13.0.v20160806-1446
2017-02-13 09:38:03,608 - org.eclipse.mylyn.hudson.ui - 1.13.0.v20160704-1634
2017-02-13 09:38:03,648 - org.eclipse.epp.mpc.core - 1.5.3.v20161116-1851
2017-02-13 09:38:03,648 - org.eclipse.epp.mpc.ui - 1.5.3.v20161116-1851
2017-02-13 09:38:03,648 - org.eclipse.epp.mpc.help.ui - 1.5.3.v20161116-1851
2017-02-13 09:38:03,648 - org.apache.httpcomponents.httpclient - 4.3.6.v201511171540
2017-02-13 09:38:03,648 - org.apache.httpcomponents.httpcore - 4.3.3.v201411290715
2017-02-13 09:38:03,681 - org.eclipse.mylyn.git.core - 1.13.0.v20160630-2022
2017-02-13 09:38:03,681 - org.eclipse.mylyn.git.ui - 1.13.0.v20160630-2022
2017-02-13 09:38:03,716 - org.eclipse.datatools.connectivity.oda.consumer - 3.3.0.201603142002
2017-02-13 09:38:03,716 - org.eclipse.datatools.connectivity.oda.design - 3.4.0.201603142002
2017-02-13 09:38:03,716 - org.eclipse.datatools.connectivity.oda.profile - 3.3.0.201603142002
2017-02-13 09:38:03,716 - org.eclipse.datatools.connectivity.oda - 3.5.0.201603142002
2017-02-13 09:38:03,717 - org.eclipse.datatools.connectivity - 1.13.0.201603142002
2017-02-13 09:38:03,749 - org.eclipse.andmore.android.certmanager - 0.5.0.201605181018
2017-02-13 09:38:03,820 - org.eclipse.recommenders.snipmatch - 2.4.5.v20161130-1427
2017-02-13 09:38:03,820 - org.eclipse.recommenders.snipmatch.rcp - 2.4.5.v20161130-1427
2017-02-13 09:38:03,885 - org.eclipse.cdt.gdb - 7.0.0.201612061315
2017-02-13 09:38:03,885 - org.eclipse.cdt.gdb.ui - 7.0.0.201612061315
2017-02-13 09:38:03,947 - org.eclipse.pde - 3.12.2.v20161124-1400
2017-02-13 09:38:03,947 - org.eclipse.pde.build - 3.9.200.v20160204-0642
2017-02-13 09:38:03,947 - org.eclipse.pde.core - 3.11.1.v20161115-1951
2017-02-13 09:38:03,948 - org.eclipse.pde.junit.runtime - 3.5.0.v20151013-0625
2017-02-13 09:38:03,948 - org.eclipse.pde.runtime - 3.5.0.v20160418-1724
2017-02-13 09:38:03,948 - org.eclipse.pde.ui - 3.9.100.v20161102-0517
2017-02-13 09:38:03,948 - org.eclipse.pde.doc.user - 3.12.2.v20161123-1159
2017-02-13 09:38:03,948 - org.eclipse.pde.ui.templates - 3.6.0.v20160424-1948
2017-02-13 09:38:03,948 - org.eclipse.ui.views.log - 1.2.1.v20160829-0826
2017-02-13 09:38:03,948 - org.objectweb.asm - 5.0.1.v201404251740
2017-02-13 09:38:03,949 - org.objectweb.asm.tree - 5.0.1.v201404251740
2017-02-13 09:38:03,951 - org.eclipse.pde.api.tools - 1.1.2.v20161115-0549
2017-02-13 09:38:03,952 - org.eclipse.pde.api.tools.annotations - 1.0.100.v20160418-1724
2017-02-13 09:38:03,953 - org.eclipse.pde.api.tools.ui - 1.1.0.v20160519-0701
2017-02-13 09:38:03,953 - org.eclipse.pde.ds.core - 1.1.0.v20151201-1325
2017-02-13 09:38:03,953 - org.eclipse.pde.ds.ui - 1.1.0.v20160518-1843
2017-02-13 09:38:03,953 - org.eclipse.pde.launching - 3.6.401.v20161115-0549
2017-02-13 09:38:03,953 - org.eclipse.pde.ua.core - 1.0.500.v20160204-0642
2017-02-13 09:38:03,953 - org.eclipse.pde.ua.ui - 1.1.0.v20160518-1843
2017-02-13 09:38:03,953 - org.eclipse.ui.trace - 1.0.400.v20160509-1055
2017-02-13 09:38:03,953 - org.eclipse.pde.ds.annotations - 1.0.0.v20160525-1437
2017-02-13 09:38:04,014 - org.eclipse.sequoyah.localization.tools - 2.1.0.N20120718-0509
2017-02-13 09:38:04,014 - org.eclipse.sequoyah.localization.editor - 2.1.0.N20120718-0509
2017-02-13 09:38:04,025 - com.android.ide.eclipse.hierarchyviewer - 23.0.7.2120684
2017-02-13 09:38:04,105 - net.sourceforge.lpg.lpgjavaruntime - 1.1.0.v201004271650
2017-02-13 09:38:04,105 - org.eclipse.datatools.sqltools.parsers.sql.lexer - 1.1.0.201603142002
2017-02-13 09:38:04,106 - org.eclipse.datatools.sqltools.parsers.sql.query - 1.3.0.201603142002
2017-02-13 09:38:04,106 - org.eclipse.datatools.sqltools.parsers.sql.xml.query - 1.1.0.201603142002
2017-02-13 09:38:04,106 - org.eclipse.datatools.sqltools.parsers.sql - 1.1.0.201603142002
2017-02-13 09:38:04,172 - org.eclipse.mylyn.java.ui - 3.21.0.v20160701-1337
2017-02-13 09:38:04,173 - org.eclipse.mylyn.java.tasks - 3.21.0.v20160701-1337
2017-02-13 09:38:04,173 - org.eclipse.mylyn.ide.ui - 3.21.0.v20160701-1337
2017-02-13 09:38:04,173 - org.eclipse.mylyn.ide.ant - 3.21.0.v20160701-1337
2017-02-13 09:38:04,173 - org.eclipse.mylyn.debug.ui - 3.21.0.v20160701-1337
2017-02-13 09:38:04,216 - org.eclipse.mylyn.team.ui - 3.21.0.v20160701-1337
2017-02-13 09:38:04,299 - org.eclipse.datatools.sqltools.sql - 1.1.0.201603142002
2017-02-13 09:38:04,299 - org.eclipse.datatools.sqltools.common.ui - 1.1.0.201603142002
2017-02-13 09:38:04,299 - org.eclipse.datatools.sqltools.plan - 1.1.0.201603142002
2017-02-13 09:38:04,299 - org.eclipse.datatools.sqltools.editor.core - 1.1.0.201603142002
2017-02-13 09:38:04,299 - org.eclipse.datatools.sqltools.sqleditor - 1.1.0.201603142002
2017-02-13 09:38:04,299 - org.eclipse.datatools.sqltools.ddlgen.ui - 1.1.0.201603142002
2017-02-13 09:38:04,299 - org.eclipse.datatools.connectivity.db.generic - 1.1.0.201603142002
2017-02-13 09:38:04,299 - org.eclipse.datatools.sqltools.editor.core.ui - 1.1.0.201603142002
2017-02-13 09:38:04,299 - org.eclipse.datatools.sqltools.sql.ui - 1.1.0.201603142002
2017-02-13 09:38:04,366 - org.eclipse.emf.common.ui - 2.11.0.v20160526-0356
2017-02-13 09:38:04,463 - org.eclipse.mylyn.commons.repositories.core - 1.13.0.v20160630-1702
2017-02-13 09:38:04,463 - org.eclipse.mylyn.commons.repositories.ui - 1.13.0.v20160630-1702
2017-02-13 09:38:04,541 - org.eclipse.sequoyah.device.common.utilities - 2.1.0.N20120718-0509
2017-02-13 09:38:04,604 - org.eclipse.andmore.android.common - 0.5.0.201605181018
2017-02-13 09:38:04,605 - org.eclipse.andmore.android.codeutils - 0.5.0.201605181018
2017-02-13 09:38:04,605 - org.eclipse.andmore.android.translation - 0.5.0.201605181018
2017-02-13 09:38:04,605 - org.eclipse.andmore.android.codesnippets - 0.5.0.201605181018
2017-02-13 09:38:04,605 - org.eclipse.andmore.android.db.core - 0.5.0.201605181018
2017-02-13 09:38:04,605 - org.eclipse.andmore.android.logger - 0.5.0.201605181018
2017-02-13 09:38:04,605 - org.eclipse.andmore.android - 0.5.0.201605181018
2017-02-13 09:38:04,605 - org.eclipse.andmore.android.emulator - 0.5.0.201605181018
2017-02-13 09:38:04,605 - org.eclipse.andmore.android.launch - 0.5.0.201605181018
2017-02-13 09:38:04,605 - org.eclipse.andmore.android.packaging.ui - 0.5.0.201605181018
2017-02-13 09:38:04,605 - org.eclipse.andmore.android.handset - 0.5.0.201605181018
2017-02-13 09:38:04,605 - org.eclipse.andmore.android.remote - 0.5.0.201605181018
2017-02-13 09:38:04,605 - org.eclipse.andmore.android.win32.x86_64 - 0.5.0.201605181018
2017-02-13 09:38:04,605 - org.eclipse.andmore.android.mat - 0.5.0.201605181018
2017-02-13 09:38:04,605 - org.eclipse.andmore.android.devices.services - 0.5.0.201605181018
2017-02-13 09:38:04,605 - org.eclipse.andmore.android.db.devices - 0.5.0.201605181018
2017-02-13 09:38:04,605 - org.eclipse.andmore.android.installer - 0.5.0.201605181018
2017-02-13 09:38:04,605 - org.eclipse.andmore.android.logger.collector - 0.5.0.201605181018
2017-02-13 09:38:04,669 - org.eclipse.emf.mapping.ui - 2.7.0.v20160526-0356
2017-02-13 09:38:04,730 - org.eclipse.mylyn.monitor.core - 3.21.0.v20160630-1702
2017-02-13 09:38:04,730 - org.eclipse.mylyn.monitor.ui - 3.21.0.v20160630-1702
2017-02-13 09:38:04,812 - org.eclipse.datatools.connectivity.oda.template.ui - 3.3.0.201603142002
2017-02-13 09:38:04,910 - org.eclipse.sequoyah.vnc.vncviewer - 2.1.0.N20120718-0509
2017-02-13 09:38:04,972 - org.eclipse.emf.codegen.ecore.ui - 2.12.0.v20160526-0356
2017-02-13 09:38:05,026 - org.eclipse.emf.ecore.editor - 2.12.0.v20160526-0356
2017-02-13 09:38:05,089 - org.eclipse.epp.package.android - 4.6.2.20161208-0625
2017-02-13 09:38:05,163 - org.eclipse.mylyn.builds.core - 1.13.0.v20160704-1634
2017-02-13 09:38:05,163 - org.eclipse.mylyn.builds.ui - 1.13.0.v20160725-1817
2017-02-13 09:38:05,236 - org.eclipse.mylyn.context.core - 3.21.0.v20160701-1337
2017-02-13 09:38:05,237 - org.eclipse.mylyn.context.ui - 3.21.0.v20160701-1337
2017-02-13 09:38:05,237 - org.eclipse.mylyn.resources.ui - 3.21.0.v20160701-1337
2017-02-13 09:38:05,237 - org.eclipse.mylyn.context.tasks.ui - 3.21.0.v20160815-2336
2017-02-13 09:38:05,305 - org.eclipse.emf.databinding - 1.3.0.v20160526-0356
2017-02-13 09:38:05,365 - org.eclipse.datatools.connectivity.sqm.core.ui - 1.3.0.201603142002
2017-02-13 09:38:05,366 - org.eclipse.datatools.connectivity.sqm.core - 1.3.0.201603142002
2017-02-13 09:38:05,366 - org.eclipse.datatools.connectivity.sqm.server.ui - 1.2.0.201603142002
2017-02-13 09:38:05,366 - org.eclipse.datatools.connectivity.ui.dse - 1.2.0.201603142002
2017-02-13 09:38:05,366 - org.eclipse.datatools.connectivity.ui - 1.3.0.201603142002
2017-02-13 09:38:05,366 - org.eclipse.datatools.connectivity - 1.13.0.201603142002
2017-02-13 09:38:05,366 - org.eclipse.datatools.help - 1.6.0.201603142002
2017-02-13 09:38:05,366 - org.eclipse.datatools.connectivity.console.profile - 1.1.0.201603142002
2017-02-13 09:38:05,423 - org.eclipse.oomph.setup - 1.6.0.v20161125-0947
2017-02-13 09:38:05,423 - org.eclipse.oomph.setup.edit - 1.6.0.v20161125-0947
2017-02-13 09:38:05,423 - org.eclipse.oomph.setup.core - 1.6.0.v20161128-0928
2017-02-13 09:38:05,423 - org.eclipse.oomph.setup.sync - 1.6.0.v20161019-0656
2017-02-13 09:38:05,423 - org.eclipse.oomph.setup.p2 - 1.6.0.v20161019-0656
2017-02-13 09:38:05,423 - org.eclipse.oomph.setup.p2.edit - 1.6.0.v20161019-0656
2017-02-13 09:38:05,423 - org.eclipse.oomph.preferences - 1.6.0.v20161019-0656
2017-02-13 09:38:05,425 - org.eclipse.oomph.jreinfo - 1.6.0.v20161019-0656
2017-02-13 09:38:05,427 - org.eclipse.oomph.jreinfo.win32.x86_64 - 1.2.0.v20160426-0508
2017-02-13 09:38:05,428 - org.eclipse.oomph.extractor.lib - 1.3.0.v20161116-0647
2017-02-13 09:38:05,428 - org.apache.commons.logging - 1.1.1.v201101211721
2017-02-13 09:38:05,428 - org.apache.commons.codec - 1.6.0.v201305230611
2017-02-13 09:38:05,428 - org.apache.httpcomponents.httpclient - 4.3.6.v201511171540
2017-02-13 09:38:05,428 - org.apache.httpcomponents.httpcore - 4.3.3.v201411290715
2017-02-13 09:38:05,428 - org.eclipse.userstorage - 1.0.0.v20160524-0709
2017-02-13 09:38:05,428 - org.eclipse.userstorage.ui - 1.0.0.v20151216-0912
